<?xml version="1.0" encoding="UTF-8"?>
<testsuites name="Custom footer test" time="202.602" tests="14" failures="0" errors="0">
   <testsuite name="Custom footer test" tests="14" failures="0" errors="0" time="202.602" timestamp="2021-05-10 17:10:19" hostname="Lexoter - DESKTOP-IJBB9BE" id="Test Suites/Custom footer test">
      <properties>
         <property name="deviceName" value=""/>
         <property name="devicePlatform" value=""/>
         <property name="logFolder" value="K:\\Work\\GitHub\\UpdatedOne\\find-category-footer-test\\Reports\\20210510_171007\\Custom footer test\\20210510_171007"/>
         <property name="logFiles" value="K:\\Work\\GitHub\\UpdatedOne\\find-category-footer-test\\Reports\\20210510_171007\\Custom footer test\\20210510_171007\\execution0.log"/>
         <property name="attachments" value=""/>
         <property name="hostName" value="Lexoter - DESKTOP-IJBB9BE"/>
         <property name="os" value="Windows 10 64bit"/>
         <property name="katalonVersion" value="7.7.0.205"/>
         <property name="browser" value="Chrome 90.0.4430.93"/>
         <property name="hostAddress" value="192.168.56.1"/>
         <property name="sessionId" value="ecd1fee4e44796b2963fb827ce2595e2"/>
         <property name="seleniumVersion" value="3.141.59"/>
         <property name="proxyInformation" value="ProxyInformation { proxyOption=NO_PROXY, proxyServerType=HTTP, username=, password=********, proxyServerAddress=, proxyServerPort=0, executionList=&quot;&quot;, isApplyToDesiredCapabilities=true }"/>
         <property name="platform" value="Windows 10"/>
      </properties>
      <testcase name="Test Cases/Custom Footer Test Case/TEST CASE/TC_FOOTER_UI_001" time="14.063" classname="Test Cases/Custom Footer Test Case/TEST CASE/TC_FOOTER_UI_001" status="PASSED">
         <system-out><![CDATA[2021-05-10 17:10:19 - [TEST_CASE][PASSED] - Test Cases/Custom Footer Test Case/TEST CASE/TC_FOOTER_UI_001: Test Cases/Custom Footer Test Case/TEST CASE/TC_FOOTER_UI_001

2021-05-10 17:10:19 - [TEST_STEP][PASSED] - callTestCase(findTestCase("Custom Footer Test Case/UTILITIES/OPEN_BROWSER"), [:], STOP_ON_FAILURE): Call Test Case 'Test Cases/Custom Footer Test Case/UTILITIES/OPEN_BROWSER' successfully

2021-05-10 17:10:19 - [TEST_CASE][PASSED] - Test Cases/Custom Footer Test Case/UTILITIES/OPEN_BROWSER: Test Cases/Custom Footer Test Case/UTILITIES/OPEN_BROWSER

2021-05-10 17:10:20 - [TEST_STEP][PASSED] - openBrowser("https://diagnostics.staging.arcadier.io/"): Browser is opened with url: 'https://diagnostics.staging.arcadier.io/'

2021-05-10 17:10:20 - [MESSAGE][INFO] - Starting 'Chrome' driver

2021-05-10 17:10:20 - [MESSAGE][INFO] - Action delay is set to 0 milliseconds

2021-05-10 17:10:31 - [MESSAGE][PASSED] - Browser is opened with url: 'https://diagnostics.staging.arcadier.io/'

2021-05-10 17:10:31 - [MESSAGE][PASSED] - Call Test Case 'Test Cases/Custom Footer Test Case/UTILITIES/OPEN_BROWSER' successfully

2021-05-10 17:10:31 - [TEST_STEP][PASSED] - waitForElementVisible(findTestObject("Complete Footer Object/Page_diagnostics/Footer Container"), 0): Object 'Object Repository/Complete Footer Object/Page_diagnostics/Footer Container' is visible

2021-05-10 17:10:31 - [MESSAGE][WARNING] - Timeout '0' is invalid. Using default page load timeout: '30'

2021-05-10 17:10:32 - [MESSAGE][PASSED] - Object 'Object Repository/Complete Footer Object/Page_diagnostics/Footer Container' is visible

2021-05-10 17:10:32 - [TEST_STEP][PASSED] - callTestCase(findTestCase("Custom Footer Test Case/UTILITIES/CLOSE_BROWSER"), [:], STOP_ON_FAILURE): Call Test Case 'Test Cases/Custom Footer Test Case/UTILITIES/CLOSE_BROWSER' successfully

2021-05-10 17:10:32 - [TEST_CASE][PASSED] - Test Cases/Custom Footer Test Case/UTILITIES/CLOSE_BROWSER: Test Cases/Custom Footer Test Case/UTILITIES/CLOSE_BROWSER

2021-05-10 17:10:32 - [TEST_STEP][PASSED] - closeBrowser(STOP_ON_FAILURE): Browser is closed

2021-05-10 17:10:33 - [MESSAGE][PASSED] - Browser is closed

2021-05-10 17:10:33 - [MESSAGE][PASSED] - Call Test Case 'Test Cases/Custom Footer Test Case/UTILITIES/CLOSE_BROWSER' successfully]]></system-out>
         <system-err><![CDATA[]]></system-err>
      </testcase>
      <testcase name="Test Cases/Custom Footer Test Case/TEST CASE/TC_FOOTER_UI_002" time="11.561" classname="Test Cases/Custom Footer Test Case/TEST CASE/TC_FOOTER_UI_002" status="PASSED">
         <system-out><![CDATA[2021-05-10 17:10:33 - [TEST_CASE][PASSED] - Test Cases/Custom Footer Test Case/TEST CASE/TC_FOOTER_UI_002: Test Cases/Custom Footer Test Case/TEST CASE/TC_FOOTER_UI_002

2021-05-10 17:10:33 - [TEST_STEP][PASSED] - callTestCase(findTestCase("Custom Footer Test Case/UTILITIES/OPEN_BROWSER"), [:], STOP_ON_FAILURE): Call Test Case 'Test Cases/Custom Footer Test Case/UTILITIES/OPEN_BROWSER' successfully

2021-05-10 17:10:33 - [TEST_CASE][PASSED] - Test Cases/Custom Footer Test Case/UTILITIES/OPEN_BROWSER: Test Cases/Custom Footer Test Case/UTILITIES/OPEN_BROWSER

2021-05-10 17:10:33 - [TEST_STEP][PASSED] - openBrowser("https://diagnostics.staging.arcadier.io/"): Browser is opened with url: 'https://diagnostics.staging.arcadier.io/'

2021-05-10 17:10:33 - [MESSAGE][INFO] - Starting 'Chrome' driver

2021-05-10 17:10:33 - [MESSAGE][INFO] - Action delay is set to 0 milliseconds

2021-05-10 17:10:43 - [MESSAGE][PASSED] - Browser is opened with url: 'https://diagnostics.staging.arcadier.io/'

2021-05-10 17:10:43 - [MESSAGE][PASSED] - Call Test Case 'Test Cases/Custom Footer Test Case/UTILITIES/OPEN_BROWSER' successfully

2021-05-10 17:10:43 - [TEST_STEP][PASSED] - waitForElementVisible(findTestObject("Complete Footer Object/Page_diagnostics/Custom Footer"), 0): Object 'Object Repository/Complete Footer Object/Page_diagnostics/Custom Footer' is visible

2021-05-10 17:10:43 - [MESSAGE][WARNING] - Timeout '0' is invalid. Using default page load timeout: '30'

2021-05-10 17:10:44 - [MESSAGE][PASSED] - Object 'Object Repository/Complete Footer Object/Page_diagnostics/Custom Footer' is visible

2021-05-10 17:10:44 - [TEST_STEP][PASSED] - callTestCase(findTestCase("Custom Footer Test Case/UTILITIES/CLOSE_BROWSER"), [:], STOP_ON_FAILURE): Call Test Case 'Test Cases/Custom Footer Test Case/UTILITIES/CLOSE_BROWSER' successfully

2021-05-10 17:10:44 - [TEST_CASE][PASSED] - Test Cases/Custom Footer Test Case/UTILITIES/CLOSE_BROWSER: Test Cases/Custom Footer Test Case/UTILITIES/CLOSE_BROWSER

2021-05-10 17:10:44 - [TEST_STEP][PASSED] - closeBrowser(STOP_ON_FAILURE): Browser is closed

2021-05-10 17:10:45 - [MESSAGE][PASSED] - Browser is closed

2021-05-10 17:10:45 - [MESSAGE][PASSED] - Call Test Case 'Test Cases/Custom Footer Test Case/UTILITIES/CLOSE_BROWSER' successfully]]></system-out>
         <system-err><![CDATA[]]></system-err>
      </testcase>
      <testcase name="Test Cases/Custom Footer Test Case/TEST CASE/TC_FOOTER_UI_003" time="11.233" classname="Test Cases/Custom Footer Test Case/TEST CASE/TC_FOOTER_UI_003" status="PASSED">
         <system-out><![CDATA[2021-05-10 17:10:45 - [TEST_CASE][PASSED] - Test Cases/Custom Footer Test Case/TEST CASE/TC_FOOTER_UI_003: Test Cases/Custom Footer Test Case/TEST CASE/TC_FOOTER_UI_003

2021-05-10 17:10:45 - [TEST_STEP][PASSED] - callTestCase(findTestCase("Custom Footer Test Case/UTILITIES/OPEN_BROWSER"), [:], STOP_ON_FAILURE): Call Test Case 'Test Cases/Custom Footer Test Case/UTILITIES/OPEN_BROWSER' successfully

2021-05-10 17:10:45 - [TEST_CASE][PASSED] - Test Cases/Custom Footer Test Case/UTILITIES/OPEN_BROWSER: Test Cases/Custom Footer Test Case/UTILITIES/OPEN_BROWSER

2021-05-10 17:10:45 - [TEST_STEP][PASSED] - openBrowser("https://diagnostics.staging.arcadier.io/"): Browser is opened with url: 'https://diagnostics.staging.arcadier.io/'

2021-05-10 17:10:45 - [MESSAGE][INFO] - Starting 'Chrome' driver

2021-05-10 17:10:45 - [MESSAGE][INFO] - Action delay is set to 0 milliseconds

2021-05-10 17:10:55 - [MESSAGE][PASSED] - Browser is opened with url: 'https://diagnostics.staging.arcadier.io/'

2021-05-10 17:10:55 - [MESSAGE][PASSED] - Call Test Case 'Test Cases/Custom Footer Test Case/UTILITIES/OPEN_BROWSER' successfully

2021-05-10 17:10:55 - [TEST_STEP][PASSED] - waitForElementVisible(findTestObject("Complete Footer Object/Page_diagnostics/Widget"), 0): Object 'Object Repository/Complete Footer Object/Page_diagnostics/Widget' is visible

2021-05-10 17:10:55 - [MESSAGE][WARNING] - Timeout '0' is invalid. Using default page load timeout: '30'

2021-05-10 17:10:55 - [MESSAGE][PASSED] - Object 'Object Repository/Complete Footer Object/Page_diagnostics/Widget' is visible

2021-05-10 17:10:55 - [TEST_STEP][PASSED] - callTestCase(findTestCase("Custom Footer Test Case/UTILITIES/CLOSE_BROWSER"), [:], STOP_ON_FAILURE): Call Test Case 'Test Cases/Custom Footer Test Case/UTILITIES/CLOSE_BROWSER' successfully

2021-05-10 17:10:55 - [TEST_CASE][PASSED] - Test Cases/Custom Footer Test Case/UTILITIES/CLOSE_BROWSER: Test Cases/Custom Footer Test Case/UTILITIES/CLOSE_BROWSER

2021-05-10 17:10:55 - [TEST_STEP][PASSED] - closeBrowser(STOP_ON_FAILURE): Browser is closed

2021-05-10 17:10:56 - [MESSAGE][PASSED] - Browser is closed

2021-05-10 17:10:56 - [MESSAGE][PASSED] - Call Test Case 'Test Cases/Custom Footer Test Case/UTILITIES/CLOSE_BROWSER' successfully]]></system-out>
         <system-err><![CDATA[]]></system-err>
      </testcase>
      <testcase name="Test Cases/Custom Footer Test Case/TEST CASE/TC_FOOTER_UI_004" time="14.586" classname="Test Cases/Custom Footer Test Case/TEST CASE/TC_FOOTER_UI_004" status="PASSED">
         <system-out><![CDATA[2021-05-10 17:10:56 - [TEST_CASE][PASSED] - Test Cases/Custom Footer Test Case/TEST CASE/TC_FOOTER_UI_004: Test Cases/Custom Footer Test Case/TEST CASE/TC_FOOTER_UI_004

2021-05-10 17:10:56 - [TEST_STEP][PASSED] - callTestCase(findTestCase("Custom Footer Test Case/UTILITIES/OPEN_BROWSER"), [:], STOP_ON_FAILURE): Call Test Case 'Test Cases/Custom Footer Test Case/UTILITIES/OPEN_BROWSER' successfully

2021-05-10 17:10:56 - [TEST_CASE][PASSED] - Test Cases/Custom Footer Test Case/UTILITIES/OPEN_BROWSER: Test Cases/Custom Footer Test Case/UTILITIES/OPEN_BROWSER

2021-05-10 17:10:56 - [TEST_STEP][PASSED] - openBrowser("https://diagnostics.staging.arcadier.io/"): Browser is opened with url: 'https://diagnostics.staging.arcadier.io/'

2021-05-10 17:10:56 - [MESSAGE][INFO] - Starting 'Chrome' driver

2021-05-10 17:10:56 - [MESSAGE][INFO] - Action delay is set to 0 milliseconds

2021-05-10 17:11:09 - [MESSAGE][PASSED] - Browser is opened with url: 'https://diagnostics.staging.arcadier.io/'

2021-05-10 17:11:09 - [MESSAGE][PASSED] - Call Test Case 'Test Cases/Custom Footer Test Case/UTILITIES/OPEN_BROWSER' successfully

2021-05-10 17:11:09 - [TEST_STEP][PASSED] - waitForElementVisible(findTestObject("Complete Footer Object/Page_diagnostics/Logo"), 0): Object 'Object Repository/Complete Footer Object/Page_diagnostics/Logo' is visible

2021-05-10 17:11:09 - [MESSAGE][WARNING] - Timeout '0' is invalid. Using default page load timeout: '30'

2021-05-10 17:11:10 - [MESSAGE][PASSED] - Object 'Object Repository/Complete Footer Object/Page_diagnostics/Logo' is visible

2021-05-10 17:11:10 - [TEST_STEP][PASSED] - callTestCase(findTestCase("Custom Footer Test Case/UTILITIES/CLOSE_BROWSER"), [:], STOP_ON_FAILURE): Call Test Case 'Test Cases/Custom Footer Test Case/UTILITIES/CLOSE_BROWSER' successfully

2021-05-10 17:11:10 - [TEST_CASE][PASSED] - Test Cases/Custom Footer Test Case/UTILITIES/CLOSE_BROWSER: Test Cases/Custom Footer Test Case/UTILITIES/CLOSE_BROWSER

2021-05-10 17:11:10 - [TEST_STEP][PASSED] - closeBrowser(STOP_ON_FAILURE): Browser is closed

2021-05-10 17:11:10 - [MESSAGE][PASSED] - Browser is closed

2021-05-10 17:11:10 - [MESSAGE][PASSED] - Call Test Case 'Test Cases/Custom Footer Test Case/UTILITIES/CLOSE_BROWSER' successfully]]></system-out>
         <system-err><![CDATA[]]></system-err>
      </testcase>
      <testcase name="Test Cases/Custom Footer Test Case/TEST CASE/TC_FOOTER_UI_005" time="13.631" classname="Test Cases/Custom Footer Test Case/TEST CASE/TC_FOOTER_UI_005" status="PASSED">
         <system-out><![CDATA[2021-05-10 17:11:11 - [TEST_CASE][PASSED] - Test Cases/Custom Footer Test Case/TEST CASE/TC_FOOTER_UI_005: Test Cases/Custom Footer Test Case/TEST CASE/TC_FOOTER_UI_005

2021-05-10 17:11:11 - [TEST_STEP][PASSED] - callTestCase(findTestCase("Custom Footer Test Case/UTILITIES/OPEN_BROWSER"), [:], STOP_ON_FAILURE): Call Test Case 'Test Cases/Custom Footer Test Case/UTILITIES/OPEN_BROWSER' successfully

2021-05-10 17:11:11 - [TEST_CASE][PASSED] - Test Cases/Custom Footer Test Case/UTILITIES/OPEN_BROWSER: Test Cases/Custom Footer Test Case/UTILITIES/OPEN_BROWSER

2021-05-10 17:11:11 - [TEST_STEP][PASSED] - openBrowser("https://diagnostics.staging.arcadier.io/"): Browser is opened with url: 'https://diagnostics.staging.arcadier.io/'

2021-05-10 17:11:11 - [MESSAGE][INFO] - Starting 'Chrome' driver

2021-05-10 17:11:11 - [MESSAGE][INFO] - Action delay is set to 0 milliseconds

2021-05-10 17:11:23 - [MESSAGE][PASSED] - Browser is opened with url: 'https://diagnostics.staging.arcadier.io/'

2021-05-10 17:11:23 - [MESSAGE][PASSED] - Call Test Case 'Test Cases/Custom Footer Test Case/UTILITIES/OPEN_BROWSER' successfully

2021-05-10 17:11:23 - [TEST_STEP][PASSED] - waitForElementVisible(findTestObject("Complete Footer Object/Page_diagnostics/COMPANY Title"), 0): Object 'Object Repository/Complete Footer Object/Page_diagnostics/COMPANY Title' is visible

2021-05-10 17:11:23 - [MESSAGE][WARNING] - Timeout '0' is invalid. Using default page load timeout: '30'

2021-05-10 17:11:23 - [MESSAGE][PASSED] - Object 'Object Repository/Complete Footer Object/Page_diagnostics/COMPANY Title' is visible

2021-05-10 17:11:23 - [TEST_STEP][PASSED] - verifyElementText(findTestObject("Complete Footer Object/Page_diagnostics/COMPANY Title"), "ORGANIZATION"): Actual text and expected text of test object 'Object Repository/Complete Footer Object/Page_diagnostics/COMPANY Title' are matched.

2021-05-10 17:11:23 - [MESSAGE][PASSED] - Actual text and expected text of test object 'Object Repository/Complete Footer Object/Page_diagnostics/COMPANY Title' are matched.

2021-05-10 17:11:23 - [TEST_STEP][PASSED] - callTestCase(findTestCase("Custom Footer Test Case/UTILITIES/CLOSE_BROWSER"), [:], STOP_ON_FAILURE): Call Test Case 'Test Cases/Custom Footer Test Case/UTILITIES/CLOSE_BROWSER' successfully

2021-05-10 17:11:23 - [TEST_CASE][PASSED] - Test Cases/Custom Footer Test Case/UTILITIES/CLOSE_BROWSER: Test Cases/Custom Footer Test Case/UTILITIES/CLOSE_BROWSER

2021-05-10 17:11:23 - [TEST_STEP][PASSED] - closeBrowser(STOP_ON_FAILURE): Browser is closed

2021-05-10 17:11:24 - [MESSAGE][PASSED] - Browser is closed

2021-05-10 17:11:24 - [MESSAGE][PASSED] - Call Test Case 'Test Cases/Custom Footer Test Case/UTILITIES/CLOSE_BROWSER' successfully]]></system-out>
         <system-err><![CDATA[]]></system-err>
      </testcase>
      <testcase name="Test Cases/Custom Footer Test Case/TEST CASE/TC_FOOTER_UI_006" time="12.66" classname="Test Cases/Custom Footer Test Case/TEST CASE/TC_FOOTER_UI_006" status="PASSED">
         <system-out><![CDATA[2021-05-10 17:11:24 - [TEST_CASE][PASSED] - Test Cases/Custom Footer Test Case/TEST CASE/TC_FOOTER_UI_006: Test Cases/Custom Footer Test Case/TEST CASE/TC_FOOTER_UI_006

2021-05-10 17:11:24 - [TEST_STEP][PASSED] - callTestCase(findTestCase("Custom Footer Test Case/UTILITIES/OPEN_BROWSER"), [:], STOP_ON_FAILURE): Call Test Case 'Test Cases/Custom Footer Test Case/UTILITIES/OPEN_BROWSER' successfully

2021-05-10 17:11:24 - [TEST_CASE][PASSED] - Test Cases/Custom Footer Test Case/UTILITIES/OPEN_BROWSER: Test Cases/Custom Footer Test Case/UTILITIES/OPEN_BROWSER

2021-05-10 17:11:24 - [TEST_STEP][PASSED] - openBrowser("https://diagnostics.staging.arcadier.io/"): Browser is opened with url: 'https://diagnostics.staging.arcadier.io/'

2021-05-10 17:11:24 - [MESSAGE][INFO] - Starting 'Chrome' driver

2021-05-10 17:11:24 - [MESSAGE][INFO] - Action delay is set to 0 milliseconds

2021-05-10 17:11:35 - [MESSAGE][PASSED] - Browser is opened with url: 'https://diagnostics.staging.arcadier.io/'

2021-05-10 17:11:35 - [MESSAGE][PASSED] - Call Test Case 'Test Cases/Custom Footer Test Case/UTILITIES/OPEN_BROWSER' successfully

2021-05-10 17:11:35 - [TEST_STEP][PASSED] - waitForElementVisible(findTestObject("Complete Footer Object/Page_diagnostics/SOCIAL Title"), 0): Object 'Object Repository/Complete Footer Object/Page_diagnostics/SOCIAL Title' is visible

2021-05-10 17:11:35 - [MESSAGE][WARNING] - Timeout '0' is invalid. Using default page load timeout: '30'

2021-05-10 17:11:36 - [MESSAGE][PASSED] - Object 'Object Repository/Complete Footer Object/Page_diagnostics/SOCIAL Title' is visible

2021-05-10 17:11:36 - [TEST_STEP][PASSED] - verifyElementText(findTestObject("Complete Footer Object/Page_diagnostics/SOCIAL Title"), "SOCIAL"): Actual text and expected text of test object 'Object Repository/Complete Footer Object/Page_diagnostics/SOCIAL Title' are matched.

2021-05-10 17:11:36 - [MESSAGE][PASSED] - Actual text and expected text of test object 'Object Repository/Complete Footer Object/Page_diagnostics/SOCIAL Title' are matched.

2021-05-10 17:11:36 - [TEST_STEP][PASSED] - callTestCase(findTestCase("Custom Footer Test Case/UTILITIES/CLOSE_BROWSER"), [:], STOP_ON_FAILURE): Call Test Case 'Test Cases/Custom Footer Test Case/UTILITIES/CLOSE_BROWSER' successfully

2021-05-10 17:11:36 - [TEST_CASE][PASSED] - Test Cases/Custom Footer Test Case/UTILITIES/CLOSE_BROWSER: Test Cases/Custom Footer Test Case/UTILITIES/CLOSE_BROWSER

2021-05-10 17:11:36 - [TEST_STEP][PASSED] - closeBrowser(STOP_ON_FAILURE): Browser is closed

2021-05-10 17:11:37 - [MESSAGE][PASSED] - Browser is closed

2021-05-10 17:11:37 - [MESSAGE][PASSED] - Call Test Case 'Test Cases/Custom Footer Test Case/UTILITIES/CLOSE_BROWSER' successfully]]></system-out>
         <system-err><![CDATA[]]></system-err>
      </testcase>
      <testcase name="Test Cases/Custom Footer Test Case/TEST CASE/TC_FOOTER_UI_007" time="12.649" classname="Test Cases/Custom Footer Test Case/TEST CASE/TC_FOOTER_UI_007" status="PASSED">
         <system-out><![CDATA[2021-05-10 17:11:37 - [TEST_CASE][PASSED] - Test Cases/Custom Footer Test Case/TEST CASE/TC_FOOTER_UI_007: Test Cases/Custom Footer Test Case/TEST CASE/TC_FOOTER_UI_007

2021-05-10 17:11:37 - [TEST_STEP][PASSED] - callTestCase(findTestCase("Custom Footer Test Case/UTILITIES/OPEN_BROWSER"), [:], STOP_ON_FAILURE): Call Test Case 'Test Cases/Custom Footer Test Case/UTILITIES/OPEN_BROWSER' successfully

2021-05-10 17:11:37 - [TEST_CASE][PASSED] - Test Cases/Custom Footer Test Case/UTILITIES/OPEN_BROWSER: Test Cases/Custom Footer Test Case/UTILITIES/OPEN_BROWSER

2021-05-10 17:11:37 - [TEST_STEP][PASSED] - openBrowser("https://diagnostics.staging.arcadier.io/"): Browser is opened with url: 'https://diagnostics.staging.arcadier.io/'

2021-05-10 17:11:37 - [MESSAGE][INFO] - Starting 'Chrome' driver

2021-05-10 17:11:37 - [MESSAGE][INFO] - Action delay is set to 0 milliseconds

2021-05-10 17:11:47 - [MESSAGE][PASSED] - Browser is opened with url: 'https://diagnostics.staging.arcadier.io/'

2021-05-10 17:11:47 - [MESSAGE][PASSED] - Call Test Case 'Test Cases/Custom Footer Test Case/UTILITIES/OPEN_BROWSER' successfully

2021-05-10 17:11:47 - [TEST_STEP][PASSED] - waitForElementVisible(findTestObject("Complete Footer Object/Page_diagnostics/Coampany Container"), 0): Object 'Object Repository/Complete Footer Object/Page_diagnostics/Coampany Container' is visible

2021-05-10 17:11:47 - [MESSAGE][WARNING] - Timeout '0' is invalid. Using default page load timeout: '30'

2021-05-10 17:11:48 - [MESSAGE][PASSED] - Object 'Object Repository/Complete Footer Object/Page_diagnostics/Coampany Container' is visible

2021-05-10 17:11:48 - [TEST_STEP][PASSED] - callTestCase(findTestCase("Custom Footer Test Case/UTILITIES/CLOSE_BROWSER"), [:], STOP_ON_FAILURE): Call Test Case 'Test Cases/Custom Footer Test Case/UTILITIES/CLOSE_BROWSER' successfully

2021-05-10 17:11:48 - [TEST_CASE][PASSED] - Test Cases/Custom Footer Test Case/UTILITIES/CLOSE_BROWSER: Test Cases/Custom Footer Test Case/UTILITIES/CLOSE_BROWSER

2021-05-10 17:11:48 - [TEST_STEP][PASSED] - closeBrowser(STOP_ON_FAILURE): Browser is closed

2021-05-10 17:11:49 - [MESSAGE][PASSED] - Browser is closed

2021-05-10 17:11:49 - [MESSAGE][PASSED] - Call Test Case 'Test Cases/Custom Footer Test Case/UTILITIES/CLOSE_BROWSER' successfully]]></system-out>
         <system-err><![CDATA[]]></system-err>
      </testcase>
      <testcase name="Test Cases/Custom Footer Test Case/TEST CASE/TC_FOOTER_UI_008" time="17.571" classname="Test Cases/Custom Footer Test Case/TEST CASE/TC_FOOTER_UI_008" status="PASSED">
         <system-out><![CDATA[2021-05-10 17:11:49 - [TEST_CASE][PASSED] - Test Cases/Custom Footer Test Case/TEST CASE/TC_FOOTER_UI_008: Test Cases/Custom Footer Test Case/TEST CASE/TC_FOOTER_UI_008

2021-05-10 17:11:50 - [TEST_STEP][PASSED] - callTestCase(findTestCase("Custom Footer Test Case/UTILITIES/OPEN_BROWSER"), [:], STOP_ON_FAILURE): Call Test Case 'Test Cases/Custom Footer Test Case/UTILITIES/OPEN_BROWSER' successfully

2021-05-10 17:11:50 - [TEST_CASE][PASSED] - Test Cases/Custom Footer Test Case/UTILITIES/OPEN_BROWSER: Test Cases/Custom Footer Test Case/UTILITIES/OPEN_BROWSER

2021-05-10 17:11:50 - [TEST_STEP][PASSED] - openBrowser("https://diagnostics.staging.arcadier.io/"): Browser is opened with url: 'https://diagnostics.staging.arcadier.io/'

2021-05-10 17:11:50 - [MESSAGE][INFO] - Starting 'Chrome' driver

2021-05-10 17:11:50 - [MESSAGE][INFO] - Action delay is set to 0 milliseconds

2021-05-10 17:12:02 - [MESSAGE][PASSED] - Browser is opened with url: 'https://diagnostics.staging.arcadier.io/'

2021-05-10 17:12:02 - [MESSAGE][PASSED] - Call Test Case 'Test Cases/Custom Footer Test Case/UTILITIES/OPEN_BROWSER' successfully

2021-05-10 17:12:02 - [TEST_STEP][PASSED] - waitForElementVisible(findTestObject("Complete Footer Object/Page_diagnostics/About Link"), 0): Object 'Object Repository/Complete Footer Object/Page_diagnostics/About Link' is visible

2021-05-10 17:12:02 - [MESSAGE][WARNING] - Timeout '0' is invalid. Using default page load timeout: '30'

2021-05-10 17:12:03 - [MESSAGE][PASSED] - Object 'Object Repository/Complete Footer Object/Page_diagnostics/About Link' is visible

2021-05-10 17:12:03 - [TEST_STEP][PASSED] - verifyElementText(findTestObject("Complete Footer Object/Page_diagnostics/About Link"), "About"): Actual text and expected text of test object 'Object Repository/Complete Footer Object/Page_diagnostics/About Link' are matched.

2021-05-10 17:12:03 - [MESSAGE][PASSED] - Actual text and expected text of test object 'Object Repository/Complete Footer Object/Page_diagnostics/About Link' are matched.

2021-05-10 17:12:03 - [TEST_STEP][PASSED] - verifyElementClickable(findTestObject("Complete Footer Object/Page_diagnostics/About Link")): Object 'Object Repository/Complete Footer Object/Page_diagnostics/About Link' is clickable

2021-05-10 17:12:04 - [MESSAGE][PASSED] - Object 'Object Repository/Complete Footer Object/Page_diagnostics/About Link' is clickable

2021-05-10 17:12:04 - [TEST_STEP][PASSED] - click(findTestObject("Complete Footer Object/Page_diagnostics/a_Accept Cookies")): Object: 'Object Repository/Complete Footer Object/Page_diagnostics/a_Accept Cookies' is clicked on

2021-05-10 17:12:04 - [MESSAGE][PASSED] - Object: 'Object Repository/Complete Footer Object/Page_diagnostics/a_Accept Cookies' is clicked on

2021-05-10 17:12:04 - [TEST_STEP][PASSED] - click(findTestObject("Complete Footer Object/Page_diagnostics/About Link")): Object: 'Object Repository/Complete Footer Object/Page_diagnostics/About Link' is clicked on

2021-05-10 17:12:06 - [MESSAGE][PASSED] - Object: 'Object Repository/Complete Footer Object/Page_diagnostics/About Link' is clicked on

2021-05-10 17:12:06 - [TEST_STEP][PASSED] - callTestCase(findTestCase("Custom Footer Test Case/UTILITIES/CLOSE_BROWSER"), [:], STOP_ON_FAILURE): Call Test Case 'Test Cases/Custom Footer Test Case/UTILITIES/CLOSE_BROWSER' successfully

2021-05-10 17:12:06 - [TEST_CASE][PASSED] - Test Cases/Custom Footer Test Case/UTILITIES/CLOSE_BROWSER: Test Cases/Custom Footer Test Case/UTILITIES/CLOSE_BROWSER

2021-05-10 17:12:06 - [TEST_STEP][PASSED] - closeBrowser(STOP_ON_FAILURE): Browser is closed

2021-05-10 17:12:07 - [MESSAGE][PASSED] - Browser is closed

2021-05-10 17:12:07 - [MESSAGE][PASSED] - Call Test Case 'Test Cases/Custom Footer Test Case/UTILITIES/CLOSE_BROWSER' successfully]]></system-out>
         <system-err><![CDATA[]]></system-err>
      </testcase>
      <testcase name="Test Cases/Custom Footer Test Case/TEST CASE/TC_FOOTER_UI_009" time="15.4" classname="Test Cases/Custom Footer Test Case/TEST CASE/TC_FOOTER_UI_009" status="PASSED">
         <system-out><![CDATA[2021-05-10 17:12:07 - [TEST_CASE][PASSED] - Test Cases/Custom Footer Test Case/TEST CASE/TC_FOOTER_UI_009: Test Cases/Custom Footer Test Case/TEST CASE/TC_FOOTER_UI_009

2021-05-10 17:12:07 - [TEST_STEP][PASSED] - callTestCase(findTestCase("Custom Footer Test Case/UTILITIES/OPEN_BROWSER"), [:], STOP_ON_FAILURE): Call Test Case 'Test Cases/Custom Footer Test Case/UTILITIES/OPEN_BROWSER' successfully

2021-05-10 17:12:07 - [TEST_CASE][PASSED] - Test Cases/Custom Footer Test Case/UTILITIES/OPEN_BROWSER: Test Cases/Custom Footer Test Case/UTILITIES/OPEN_BROWSER

2021-05-10 17:12:07 - [TEST_STEP][PASSED] - openBrowser("https://diagnostics.staging.arcadier.io/"): Browser is opened with url: 'https://diagnostics.staging.arcadier.io/'

2021-05-10 17:12:07 - [MESSAGE][INFO] - Starting 'Chrome' driver

2021-05-10 17:12:07 - [MESSAGE][INFO] - Action delay is set to 0 milliseconds

2021-05-10 17:12:18 - [MESSAGE][PASSED] - Browser is opened with url: 'https://diagnostics.staging.arcadier.io/'

2021-05-10 17:12:18 - [MESSAGE][PASSED] - Call Test Case 'Test Cases/Custom Footer Test Case/UTILITIES/OPEN_BROWSER' successfully

2021-05-10 17:12:18 - [TEST_STEP][PASSED] - waitForElementVisible(findTestObject("Complete Footer Object/Page_diagnostics/Privacy Policy Link"), 0): Object 'Object Repository/Complete Footer Object/Page_diagnostics/Privacy Policy Link' is visible

2021-05-10 17:12:18 - [MESSAGE][WARNING] - Timeout '0' is invalid. Using default page load timeout: '30'

2021-05-10 17:12:18 - [MESSAGE][PASSED] - Object 'Object Repository/Complete Footer Object/Page_diagnostics/Privacy Policy Link' is visible

2021-05-10 17:12:18 - [TEST_STEP][PASSED] - verifyElementText(findTestObject("Complete Footer Object/Page_diagnostics/Privacy Policy Link"), "Privacy Policy"): Actual text and expected text of test object 'Object Repository/Complete Footer Object/Page_diagnostics/Privacy Policy Link' are matched.

2021-05-10 17:12:19 - [MESSAGE][PASSED] - Actual text and expected text of test object 'Object Repository/Complete Footer Object/Page_diagnostics/Privacy Policy Link' are matched.

2021-05-10 17:12:19 - [TEST_STEP][PASSED] - verifyElementClickable(findTestObject("Complete Footer Object/Page_diagnostics/Privacy Policy Link")): Object 'Object Repository/Complete Footer Object/Page_diagnostics/Privacy Policy Link' is clickable

2021-05-10 17:12:19 - [MESSAGE][PASSED] - Object 'Object Repository/Complete Footer Object/Page_diagnostics/Privacy Policy Link' is clickable

2021-05-10 17:12:19 - [TEST_STEP][PASSED] - click(findTestObject("Complete Footer Object/Page_diagnostics/a_Accept Cookies")): Object: 'Object Repository/Complete Footer Object/Page_diagnostics/a_Accept Cookies' is clicked on

2021-05-10 17:12:19 - [MESSAGE][PASSED] - Object: 'Object Repository/Complete Footer Object/Page_diagnostics/a_Accept Cookies' is clicked on

2021-05-10 17:12:19 - [TEST_STEP][PASSED] - click(findTestObject("Complete Footer Object/Page_diagnostics/Privacy Policy Link")): Object: 'Object Repository/Complete Footer Object/Page_diagnostics/Privacy Policy Link' is clicked on

2021-05-10 17:12:22 - [MESSAGE][PASSED] - Object: 'Object Repository/Complete Footer Object/Page_diagnostics/Privacy Policy Link' is clicked on

2021-05-10 17:12:22 - [TEST_STEP][PASSED] - callTestCase(findTestCase("Custom Footer Test Case/UTILITIES/CLOSE_BROWSER"), [:], STOP_ON_FAILURE): Call Test Case 'Test Cases/Custom Footer Test Case/UTILITIES/CLOSE_BROWSER' successfully

2021-05-10 17:12:22 - [TEST_CASE][PASSED] - Test Cases/Custom Footer Test Case/UTILITIES/CLOSE_BROWSER: Test Cases/Custom Footer Test Case/UTILITIES/CLOSE_BROWSER

2021-05-10 17:12:22 - [TEST_STEP][PASSED] - closeBrowser(STOP_ON_FAILURE): Browser is closed

2021-05-10 17:12:22 - [MESSAGE][PASSED] - Browser is closed

2021-05-10 17:12:22 - [MESSAGE][PASSED] - Call Test Case 'Test Cases/Custom Footer Test Case/UTILITIES/CLOSE_BROWSER' successfully]]></system-out>
         <system-err><![CDATA[]]></system-err>
      </testcase>
      <testcase name="Test Cases/Custom Footer Test Case/TEST CASE/TC_FOOTER_UI_010" time="16.453" classname="Test Cases/Custom Footer Test Case/TEST CASE/TC_FOOTER_UI_010" status="PASSED">
         <system-out><![CDATA[2021-05-10 17:12:22 - [TEST_CASE][PASSED] - Test Cases/Custom Footer Test Case/TEST CASE/TC_FOOTER_UI_010: Test Cases/Custom Footer Test Case/TEST CASE/TC_FOOTER_UI_010

2021-05-10 17:12:23 - [TEST_STEP][PASSED] - callTestCase(findTestCase("Custom Footer Test Case/UTILITIES/OPEN_BROWSER"), [:], STOP_ON_FAILURE): Call Test Case 'Test Cases/Custom Footer Test Case/UTILITIES/OPEN_BROWSER' successfully

2021-05-10 17:12:23 - [TEST_CASE][PASSED] - Test Cases/Custom Footer Test Case/UTILITIES/OPEN_BROWSER: Test Cases/Custom Footer Test Case/UTILITIES/OPEN_BROWSER

2021-05-10 17:12:23 - [TEST_STEP][PASSED] - openBrowser("https://diagnostics.staging.arcadier.io/"): Browser is opened with url: 'https://diagnostics.staging.arcadier.io/'

2021-05-10 17:12:23 - [MESSAGE][INFO] - Starting 'Chrome' driver

2021-05-10 17:12:23 - [MESSAGE][INFO] - Action delay is set to 0 milliseconds

2021-05-10 17:12:34 - [MESSAGE][PASSED] - Browser is opened with url: 'https://diagnostics.staging.arcadier.io/'

2021-05-10 17:12:34 - [MESSAGE][PASSED] - Call Test Case 'Test Cases/Custom Footer Test Case/UTILITIES/OPEN_BROWSER' successfully

2021-05-10 17:12:34 - [TEST_STEP][PASSED] - waitForElementVisible(findTestObject("Complete Footer Object/Page_diagnostics/Terms of Service Link"), 0): Object 'Object Repository/Complete Footer Object/Page_diagnostics/Terms of Service Link' is visible

2021-05-10 17:12:34 - [MESSAGE][WARNING] - Timeout '0' is invalid. Using default page load timeout: '30'

2021-05-10 17:12:35 - [MESSAGE][PASSED] - Object 'Object Repository/Complete Footer Object/Page_diagnostics/Terms of Service Link' is visible

2021-05-10 17:12:35 - [TEST_STEP][PASSED] - verifyElementText(findTestObject("Complete Footer Object/Page_diagnostics/Terms of Service Link"), "Terms of Service"): Actual text and expected text of test object 'Object Repository/Complete Footer Object/Page_diagnostics/Terms of Service Link' are matched.

2021-05-10 17:12:35 - [MESSAGE][PASSED] - Actual text and expected text of test object 'Object Repository/Complete Footer Object/Page_diagnostics/Terms of Service Link' are matched.

2021-05-10 17:12:35 - [TEST_STEP][PASSED] - verifyElementClickable(findTestObject("Complete Footer Object/Page_diagnostics/Terms of Service Link")): Object 'Object Repository/Complete Footer Object/Page_diagnostics/Terms of Service Link' is clickable

2021-05-10 17:12:35 - [MESSAGE][PASSED] - Object 'Object Repository/Complete Footer Object/Page_diagnostics/Terms of Service Link' is clickable

2021-05-10 17:12:35 - [TEST_STEP][PASSED] - click(findTestObject("Complete Footer Object/Page_diagnostics/a_Accept Cookies")): Object: 'Object Repository/Complete Footer Object/Page_diagnostics/a_Accept Cookies' is clicked on

2021-05-10 17:12:36 - [MESSAGE][PASSED] - Object: 'Object Repository/Complete Footer Object/Page_diagnostics/a_Accept Cookies' is clicked on

2021-05-10 17:12:36 - [TEST_STEP][PASSED] - click(findTestObject("Complete Footer Object/Page_diagnostics/Terms of Service Link")): Object: 'Object Repository/Complete Footer Object/Page_diagnostics/Terms of Service Link' is clicked on

2021-05-10 17:12:38 - [MESSAGE][PASSED] - Object: 'Object Repository/Complete Footer Object/Page_diagnostics/Terms of Service Link' is clicked on

2021-05-10 17:12:38 - [TEST_STEP][PASSED] - callTestCase(findTestCase("Custom Footer Test Case/UTILITIES/CLOSE_BROWSER"), [:], STOP_ON_FAILURE): Call Test Case 'Test Cases/Custom Footer Test Case/UTILITIES/CLOSE_BROWSER' successfully

2021-05-10 17:12:38 - [TEST_CASE][PASSED] - Test Cases/Custom Footer Test Case/UTILITIES/CLOSE_BROWSER: Test Cases/Custom Footer Test Case/UTILITIES/CLOSE_BROWSER

2021-05-10 17:12:38 - [TEST_STEP][PASSED] - closeBrowser(STOP_ON_FAILURE): Browser is closed

2021-05-10 17:12:39 - [MESSAGE][PASSED] - Browser is closed

2021-05-10 17:12:39 - [MESSAGE][PASSED] - Call Test Case 'Test Cases/Custom Footer Test Case/UTILITIES/CLOSE_BROWSER' successfully]]></system-out>
         <system-err><![CDATA[]]></system-err>
      </testcase>
      <testcase name="Test Cases/Custom Footer Test Case/TEST CASE/TC_FOOTER_UI_011" time="13.546" classname="Test Cases/Custom Footer Test Case/TEST CASE/TC_FOOTER_UI_011" status="PASSED">
         <system-out><![CDATA[2021-05-10 17:12:39 - [TEST_CASE][PASSED] - Test Cases/Custom Footer Test Case/TEST CASE/TC_FOOTER_UI_011: Test Cases/Custom Footer Test Case/TEST CASE/TC_FOOTER_UI_011

2021-05-10 17:12:39 - [TEST_STEP][PASSED] - callTestCase(findTestCase("Custom Footer Test Case/UTILITIES/OPEN_BROWSER"), [:], STOP_ON_FAILURE): Call Test Case 'Test Cases/Custom Footer Test Case/UTILITIES/OPEN_BROWSER' successfully

2021-05-10 17:12:39 - [TEST_CASE][PASSED] - Test Cases/Custom Footer Test Case/UTILITIES/OPEN_BROWSER: Test Cases/Custom Footer Test Case/UTILITIES/OPEN_BROWSER

2021-05-10 17:12:39 - [TEST_STEP][PASSED] - openBrowser("https://diagnostics.staging.arcadier.io/"): Browser is opened with url: 'https://diagnostics.staging.arcadier.io/'

2021-05-10 17:12:39 - [MESSAGE][INFO] - Starting 'Chrome' driver

2021-05-10 17:12:39 - [MESSAGE][INFO] - Action delay is set to 0 milliseconds

2021-05-10 17:12:51 - [MESSAGE][PASSED] - Browser is opened with url: 'https://diagnostics.staging.arcadier.io/'

2021-05-10 17:12:51 - [MESSAGE][PASSED] - Call Test Case 'Test Cases/Custom Footer Test Case/UTILITIES/OPEN_BROWSER' successfully

2021-05-10 17:12:51 - [TEST_STEP][PASSED] - waitForElementPresent(findTestObject("Complete Footer Object/Page_diagnostics/Social Media Container"), 0): Object 'Object Repository/Complete Footer Object/Page_diagnostics/Social Media Container' is present

2021-05-10 17:12:51 - [MESSAGE][WARNING] - Timeout '0' is invalid. Using default page load timeout: '30'

2021-05-10 17:12:52 - [MESSAGE][PASSED] - Object 'Object Repository/Complete Footer Object/Page_diagnostics/Social Media Container' is present

2021-05-10 17:12:52 - [TEST_STEP][PASSED] - callTestCase(findTestCase("Custom Footer Test Case/UTILITIES/CLOSE_BROWSER"), [:], STOP_ON_FAILURE): Call Test Case 'Test Cases/Custom Footer Test Case/UTILITIES/CLOSE_BROWSER' successfully

2021-05-10 17:12:52 - [TEST_CASE][PASSED] - Test Cases/Custom Footer Test Case/UTILITIES/CLOSE_BROWSER: Test Cases/Custom Footer Test Case/UTILITIES/CLOSE_BROWSER

2021-05-10 17:12:52 - [TEST_STEP][PASSED] - closeBrowser(STOP_ON_FAILURE): Browser is closed

2021-05-10 17:12:52 - [MESSAGE][PASSED] - Browser is closed

2021-05-10 17:12:52 - [MESSAGE][PASSED] - Call Test Case 'Test Cases/Custom Footer Test Case/UTILITIES/CLOSE_BROWSER' successfully]]></system-out>
         <system-err><![CDATA[]]></system-err>
      </testcase>
      <testcase name="Test Cases/Custom Footer Test Case/TEST CASE/TC_FOOTER_UI_012" time="16.065" classname="Test Cases/Custom Footer Test Case/TEST CASE/TC_FOOTER_UI_012" status="PASSED">
         <system-out><![CDATA[2021-05-10 17:12:52 - [TEST_CASE][PASSED] - Test Cases/Custom Footer Test Case/TEST CASE/TC_FOOTER_UI_012: Test Cases/Custom Footer Test Case/TEST CASE/TC_FOOTER_UI_012

2021-05-10 17:12:53 - [TEST_STEP][PASSED] - callTestCase(findTestCase("Custom Footer Test Case/UTILITIES/OPEN_BROWSER"), [:], STOP_ON_FAILURE): Call Test Case 'Test Cases/Custom Footer Test Case/UTILITIES/OPEN_BROWSER' successfully

2021-05-10 17:12:53 - [TEST_CASE][PASSED] - Test Cases/Custom Footer Test Case/UTILITIES/OPEN_BROWSER: Test Cases/Custom Footer Test Case/UTILITIES/OPEN_BROWSER

2021-05-10 17:12:53 - [TEST_STEP][PASSED] - openBrowser("https://diagnostics.staging.arcadier.io/"): Browser is opened with url: 'https://diagnostics.staging.arcadier.io/'

2021-05-10 17:12:53 - [MESSAGE][INFO] - Starting 'Chrome' driver

2021-05-10 17:12:53 - [MESSAGE][INFO] - Action delay is set to 0 milliseconds

2021-05-10 17:13:05 - [MESSAGE][PASSED] - Browser is opened with url: 'https://diagnostics.staging.arcadier.io/'

2021-05-10 17:13:05 - [MESSAGE][PASSED] - Call Test Case 'Test Cases/Custom Footer Test Case/UTILITIES/OPEN_BROWSER' successfully

2021-05-10 17:13:05 - [TEST_STEP][PASSED] - waitForElementVisible(findTestObject("Staging/Page_diagnostics/a_Twitter"), 0): Object 'Object Repository/Staging/Page_diagnostics/a_Twitter' is visible

2021-05-10 17:13:05 - [MESSAGE][WARNING] - Timeout '0' is invalid. Using default page load timeout: '30'

2021-05-10 17:13:06 - [MESSAGE][PASSED] - Object 'Object Repository/Staging/Page_diagnostics/a_Twitter' is visible

2021-05-10 17:13:06 - [TEST_STEP][PASSED] - verifyElementText(findTestObject("Staging/Page_diagnostics/a_Twitter"), "Twitter"): Actual text and expected text of test object 'Object Repository/Staging/Page_diagnostics/a_Twitter' are matched.

2021-05-10 17:13:06 - [MESSAGE][PASSED] - Actual text and expected text of test object 'Object Repository/Staging/Page_diagnostics/a_Twitter' are matched.

2021-05-10 17:13:06 - [TEST_STEP][PASSED] - verifyElementClickable(findTestObject("Staging/Page_diagnostics/a_Twitter")): Object 'Object Repository/Staging/Page_diagnostics/a_Twitter' is clickable

2021-05-10 17:13:06 - [MESSAGE][PASSED] - Object 'Object Repository/Staging/Page_diagnostics/a_Twitter' is clickable

2021-05-10 17:13:06 - [TEST_STEP][PASSED] - click(findTestObject("Complete Footer Object/Page_diagnostics/a_Accept Cookies")): Object: 'Object Repository/Complete Footer Object/Page_diagnostics/a_Accept Cookies' is clicked on

2021-05-10 17:13:07 - [MESSAGE][PASSED] - Object: 'Object Repository/Complete Footer Object/Page_diagnostics/a_Accept Cookies' is clicked on

2021-05-10 17:13:07 - [TEST_STEP][PASSED] - click(findTestObject("Staging/Page_diagnostics/a_Twitter")): Object: 'Object Repository/Staging/Page_diagnostics/a_Twitter' is clicked on

2021-05-10 17:13:08 - [MESSAGE][PASSED] - Object: 'Object Repository/Staging/Page_diagnostics/a_Twitter' is clicked on

2021-05-10 17:13:08 - [TEST_STEP][PASSED] - callTestCase(findTestCase("Custom Footer Test Case/UTILITIES/CLOSE_BROWSER"), [:], STOP_ON_FAILURE): Call Test Case 'Test Cases/Custom Footer Test Case/UTILITIES/CLOSE_BROWSER' successfully

2021-05-10 17:13:08 - [TEST_CASE][PASSED] - Test Cases/Custom Footer Test Case/UTILITIES/CLOSE_BROWSER: Test Cases/Custom Footer Test Case/UTILITIES/CLOSE_BROWSER

2021-05-10 17:13:08 - [TEST_STEP][PASSED] - closeBrowser(STOP_ON_FAILURE): Browser is closed

2021-05-10 17:13:08 - [MESSAGE][PASSED] - Browser is closed

2021-05-10 17:13:08 - [MESSAGE][PASSED] - Call Test Case 'Test Cases/Custom Footer Test Case/UTILITIES/CLOSE_BROWSER' successfully]]></system-out>
         <system-err><![CDATA[]]></system-err>
      </testcase>
      <testcase name="Test Cases/Custom Footer Test Case/TEST CASE/TC_FOOTER_UI_013" time="17.068" classname="Test Cases/Custom Footer Test Case/TEST CASE/TC_FOOTER_UI_013" status="PASSED">
         <system-out><![CDATA[2021-05-10 17:13:08 - [TEST_CASE][PASSED] - Test Cases/Custom Footer Test Case/TEST CASE/TC_FOOTER_UI_013: Test Cases/Custom Footer Test Case/TEST CASE/TC_FOOTER_UI_013

2021-05-10 17:13:09 - [TEST_STEP][PASSED] - callTestCase(findTestCase("Custom Footer Test Case/UTILITIES/OPEN_BROWSER"), [:], STOP_ON_FAILURE): Call Test Case 'Test Cases/Custom Footer Test Case/UTILITIES/OPEN_BROWSER' successfully

2021-05-10 17:13:09 - [TEST_CASE][PASSED] - Test Cases/Custom Footer Test Case/UTILITIES/OPEN_BROWSER: Test Cases/Custom Footer Test Case/UTILITIES/OPEN_BROWSER

2021-05-10 17:13:09 - [TEST_STEP][PASSED] - openBrowser("https://diagnostics.staging.arcadier.io/"): Browser is opened with url: 'https://diagnostics.staging.arcadier.io/'

2021-05-10 17:13:09 - [MESSAGE][INFO] - Starting 'Chrome' driver

2021-05-10 17:13:09 - [MESSAGE][INFO] - Action delay is set to 0 milliseconds

2021-05-10 17:13:22 - [MESSAGE][PASSED] - Browser is opened with url: 'https://diagnostics.staging.arcadier.io/'

2021-05-10 17:13:22 - [MESSAGE][PASSED] - Call Test Case 'Test Cases/Custom Footer Test Case/UTILITIES/OPEN_BROWSER' successfully

2021-05-10 17:13:22 - [TEST_STEP][PASSED] - waitForElementPresent(findTestObject("Complete Footer Object/Page_diagnostics/Facebook Link"), 0): Object 'Object Repository/Complete Footer Object/Page_diagnostics/Facebook Link' is present

2021-05-10 17:13:23 - [MESSAGE][WARNING] - Timeout '0' is invalid. Using default page load timeout: '30'

2021-05-10 17:13:23 - [MESSAGE][PASSED] - Object 'Object Repository/Complete Footer Object/Page_diagnostics/Facebook Link' is present

2021-05-10 17:13:23 - [TEST_STEP][PASSED] - verifyElementText(findTestObject("Complete Footer Object/Page_diagnostics/Facebook Link"), "Facebook"): Actual text and expected text of test object 'Object Repository/Complete Footer Object/Page_diagnostics/Facebook Link' are matched.

2021-05-10 17:13:23 - [MESSAGE][PASSED] - Actual text and expected text of test object 'Object Repository/Complete Footer Object/Page_diagnostics/Facebook Link' are matched.

2021-05-10 17:13:23 - [TEST_STEP][PASSED] - verifyElementClickable(findTestObject("Complete Footer Object/Page_diagnostics/Facebook Link")): Object 'Object Repository/Complete Footer Object/Page_diagnostics/Facebook Link' is clickable

2021-05-10 17:13:24 - [MESSAGE][PASSED] - Object 'Object Repository/Complete Footer Object/Page_diagnostics/Facebook Link' is clickable

2021-05-10 17:13:24 - [TEST_STEP][PASSED] - click(findTestObject("Complete Footer Object/Page_diagnostics/a_Accept Cookies")): Object: 'Object Repository/Complete Footer Object/Page_diagnostics/a_Accept Cookies' is clicked on

2021-05-10 17:13:24 - [MESSAGE][PASSED] - Object: 'Object Repository/Complete Footer Object/Page_diagnostics/a_Accept Cookies' is clicked on

2021-05-10 17:13:24 - [TEST_STEP][PASSED] - click(findTestObject("Complete Footer Object/Page_diagnostics/Facebook Link")): Object: 'Object Repository/Complete Footer Object/Page_diagnostics/Facebook Link' is clicked on

2021-05-10 17:13:25 - [MESSAGE][PASSED] - Object: 'Object Repository/Complete Footer Object/Page_diagnostics/Facebook Link' is clicked on

2021-05-10 17:13:25 - [TEST_STEP][PASSED] - callTestCase(findTestCase("Custom Footer Test Case/UTILITIES/CLOSE_BROWSER"), [:], STOP_ON_FAILURE): Call Test Case 'Test Cases/Custom Footer Test Case/UTILITIES/CLOSE_BROWSER' successfully

2021-05-10 17:13:25 - [TEST_CASE][PASSED] - Test Cases/Custom Footer Test Case/UTILITIES/CLOSE_BROWSER: Test Cases/Custom Footer Test Case/UTILITIES/CLOSE_BROWSER

2021-05-10 17:13:25 - [TEST_STEP][PASSED] - closeBrowser(STOP_ON_FAILURE): Browser is closed

2021-05-10 17:13:26 - [MESSAGE][PASSED] - Browser is closed

2021-05-10 17:13:26 - [MESSAGE][PASSED] - Call Test Case 'Test Cases/Custom Footer Test Case/UTILITIES/CLOSE_BROWSER' successfully]]></system-out>
         <system-err><![CDATA[]]></system-err>
      </testcase>
      <testcase name="Test Cases/Custom Footer Test Case/TEST CASE/TC_FOOTER_UI_014" time="15.649" classname="Test Cases/Custom Footer Test Case/TEST CASE/TC_FOOTER_UI_014" status="PASSED">
         <system-out><![CDATA[2021-05-10 17:13:26 - [TEST_CASE][PASSED] - Test Cases/Custom Footer Test Case/TEST CASE/TC_FOOTER_UI_014: Test Cases/Custom Footer Test Case/TEST CASE/TC_FOOTER_UI_014

2021-05-10 17:13:26 - [TEST_STEP][PASSED] - callTestCase(findTestCase("Custom Footer Test Case/UTILITIES/OPEN_BROWSER"), [:], STOP_ON_FAILURE): Call Test Case 'Test Cases/Custom Footer Test Case/UTILITIES/OPEN_BROWSER' successfully

2021-05-10 17:13:26 - [TEST_CASE][PASSED] - Test Cases/Custom Footer Test Case/UTILITIES/OPEN_BROWSER: Test Cases/Custom Footer Test Case/UTILITIES/OPEN_BROWSER

2021-05-10 17:13:26 - [TEST_STEP][PASSED] - openBrowser("https://diagnostics.staging.arcadier.io/"): Browser is opened with url: 'https://diagnostics.staging.arcadier.io/'

2021-05-10 17:13:26 - [MESSAGE][INFO] - Starting 'Chrome' driver

2021-05-10 17:13:26 - [MESSAGE][INFO] - Action delay is set to 0 milliseconds

2021-05-10 17:13:38 - [MESSAGE][PASSED] - Browser is opened with url: 'https://diagnostics.staging.arcadier.io/'

2021-05-10 17:13:38 - [MESSAGE][PASSED] - Call Test Case 'Test Cases/Custom Footer Test Case/UTILITIES/OPEN_BROWSER' successfully

2021-05-10 17:13:38 - [TEST_STEP][PASSED] - waitForElementVisible(findTestObject("Complete Footer Object/Page_diagnostics/Linkedin Link"), 0): Object 'Object Repository/Complete Footer Object/Page_diagnostics/Linkedin Link' is visible

2021-05-10 17:13:38 - [MESSAGE][WARNING] - Timeout '0' is invalid. Using default page load timeout: '30'

2021-05-10 17:13:39 - [MESSAGE][PASSED] - Object 'Object Repository/Complete Footer Object/Page_diagnostics/Linkedin Link' is visible

2021-05-10 17:13:39 - [TEST_STEP][PASSED] - verifyElementText(findTestObject("Complete Footer Object/Page_diagnostics/Linkedin Link"), "Linkedin"): Actual text and expected text of test object 'Object Repository/Complete Footer Object/Page_diagnostics/Linkedin Link' are matched.

2021-05-10 17:13:39 - [MESSAGE][PASSED] - Actual text and expected text of test object 'Object Repository/Complete Footer Object/Page_diagnostics/Linkedin Link' are matched.

2021-05-10 17:13:39 - [TEST_STEP][PASSED] - verifyElementClickable(findTestObject("Complete Footer Object/Page_diagnostics/Linkedin Link")): Object 'Object Repository/Complete Footer Object/Page_diagnostics/Linkedin Link' is clickable

2021-05-10 17:13:39 - [MESSAGE][PASSED] - Object 'Object Repository/Complete Footer Object/Page_diagnostics/Linkedin Link' is clickable

2021-05-10 17:13:39 - [TEST_STEP][PASSED] - click(findTestObject("Complete Footer Object/Page_diagnostics/a_Accept Cookies")): Object: 'Object Repository/Complete Footer Object/Page_diagnostics/a_Accept Cookies' is clicked on

2021-05-10 17:13:39 - [MESSAGE][PASSED] - Object: 'Object Repository/Complete Footer Object/Page_diagnostics/a_Accept Cookies' is clicked on

2021-05-10 17:13:39 - [TEST_STEP][PASSED] - click(findTestObject("Complete Footer Object/Page_diagnostics/Linkedin Link")): Object: 'Object Repository/Complete Footer Object/Page_diagnostics/Linkedin Link' is clicked on

2021-05-10 17:13:41 - [MESSAGE][PASSED] - Object: 'Object Repository/Complete Footer Object/Page_diagnostics/Linkedin Link' is clicked on

2021-05-10 17:13:41 - [TEST_STEP][PASSED] - callTestCase(findTestCase("Custom Footer Test Case/UTILITIES/CLOSE_BROWSER"), [:], STOP_ON_FAILURE): Call Test Case 'Test Cases/Custom Footer Test Case/UTILITIES/CLOSE_BROWSER' successfully

2021-05-10 17:13:41 - [TEST_CASE][PASSED] - Test Cases/Custom Footer Test Case/UTILITIES/CLOSE_BROWSER: Test Cases/Custom Footer Test Case/UTILITIES/CLOSE_BROWSER

2021-05-10 17:13:41 - [TEST_STEP][PASSED] - closeBrowser(STOP_ON_FAILURE): Browser is closed

2021-05-10 17:13:41 - [MESSAGE][PASSED] - Browser is closed

2021-05-10 17:13:41 - [MESSAGE][PASSED] - Call Test Case 'Test Cases/Custom Footer Test Case/UTILITIES/CLOSE_BROWSER' successfully]]></system-out>
         <system-err><![CDATA[]]></system-err>
      </testcase>
      <system-out><![CDATA[2021-05-10 17:10:19 - [TEST_SUITE][PASSED] - Custom footer test: Test Cases/Custom Footer Test Case/TEST CASE/TC_FOOTER_UI_014]]></system-out>
      <system-err><![CDATA[]]></system-err>
   </testsuite>
</testsuites>
