<?xml version="1.0" encoding="UTF-8"?>
<testsuites name="Homepage category test" time="786.287" tests="7" failures="0" errors="0">
   <testsuite name="Homepage category test" tests="7" failures="0" errors="0" time="786.287" timestamp="2021-03-15 15:07:52" hostname="Lexoter - DESKTOP-IJBB9BE" id="Test Suites/Homepage category test">
      <properties>
         <property name="deviceName" value=""/>
         <property name="devicePlatform" value=""/>
         <property name="logFolder" value="K:\\Work\\GitHub\\UpdatedOne\\find-category-footer-test\\Reports\\20210315_150740\\Homepage category test\\20210315_150740"/>
         <property name="logFiles" value="K:\\Work\\GitHub\\UpdatedOne\\find-category-footer-test\\Reports\\20210315_150740\\Homepage category test\\20210315_150740\\execution0.log"/>
         <property name="attachments" value=""/>
         <property name="hostName" value="Lexoter - DESKTOP-IJBB9BE"/>
         <property name="os" value="Windows 10 64bit"/>
         <property name="katalonVersion" value="7.7.0.205"/>
         <property name="browser" value="Chrome 89.0.4389.82"/>
         <property name="hostAddress" value="192.168.56.1"/>
         <property name="sessionId" value="af16810d53b329003f6349f0db6a1b77"/>
         <property name="seleniumVersion" value="3.141.59"/>
         <property name="proxyInformation" value="ProxyInformation { proxyOption=NO_PROXY, proxyServerType=HTTP, username=, password=********, proxyServerAddress=, proxyServerPort=0, executionList=&quot;&quot;, isApplyToDesiredCapabilities=true }"/>
         <property name="platform" value="Windows 10"/>
      </properties>
      <testcase name="Test Cases/Extra Home Category Test Case/TEST CASE/GDA/TC_CAT_UI_001" time="18.087" classname="Test Cases/Extra Home Category Test Case/TEST CASE/GDA/TC_CAT_UI_001" status="PASSED">
         <system-out><![CDATA[2021-03-15 15:07:52 - [TEST_CASE][PASSED] - Test Cases/Extra Home Category Test Case/TEST CASE/GDA/TC_CAT_UI_001: Test Cases/Extra Home Category Test Case/TEST CASE/GDA/TC_CAT_UI_001

2021-03-15 15:07:52 - [TEST_STEP][PASSED] - callTestCase(findTestCase("Extra Home Category Test Case/UTILITIES/OPEN_BROWSER"), [:], STOP_ON_FAILURE): Call Test Case 'Test Cases/Extra Home Category Test Case/UTILITIES/OPEN_BROWSER' successfully

2021-03-15 15:07:52 - [TEST_CASE][PASSED] - Test Cases/Extra Home Category Test Case/UTILITIES/OPEN_BROWSER: Test Cases/Extra Home Category Test Case/UTILITIES/OPEN_BROWSER

2021-03-15 15:07:53 - [TEST_STEP][PASSED] - openBrowser("https://gdasandbox.test-arcadier.com/"): Browser is opened with url: 'https://gdasandbox.test-arcadier.com/'

2021-03-15 15:07:53 - [MESSAGE][INFO] - Starting 'Chrome' driver

2021-03-15 15:07:53 - [MESSAGE][INFO] - Action delay is set to 0 milliseconds

2021-03-15 15:08:08 - [MESSAGE][PASSED] - Browser is opened with url: 'https://gdasandbox.test-arcadier.com/'

2021-03-15 15:08:08 - [MESSAGE][PASSED] - Call Test Case 'Test Cases/Extra Home Category Test Case/UTILITIES/OPEN_BROWSER' successfully

2021-03-15 15:08:08 - [TEST_STEP][PASSED] - waitForElementVisible(findTestObject("Extra Menu Objects GDA/Page_diagnostics/div_Section"), 0): Object 'Object Repository/Extra Menu Objects GDA/Page_diagnostics/div_Section' is visible

2021-03-15 15:08:08 - [MESSAGE][WARNING] - Timeout '0' is invalid. Using default page load timeout: '30'

2021-03-15 15:08:09 - [MESSAGE][PASSED] - Object 'Object Repository/Extra Menu Objects GDA/Page_diagnostics/div_Section' is visible

2021-03-15 15:08:09 - [TEST_STEP][PASSED] - callTestCase(findTestCase("Extra Home Category Test Case/UTILITIES/CLOSE_BROWSER"), [:], STOP_ON_FAILURE): Call Test Case 'Test Cases/Extra Home Category Test Case/UTILITIES/CLOSE_BROWSER' successfully

2021-03-15 15:08:09 - [TEST_CASE][PASSED] - Test Cases/Extra Home Category Test Case/UTILITIES/CLOSE_BROWSER: Test Cases/Extra Home Category Test Case/UTILITIES/CLOSE_BROWSER

2021-03-15 15:08:09 - [TEST_STEP][PASSED] - closeBrowser(STOP_ON_FAILURE): Browser is closed

2021-03-15 15:08:10 - [MESSAGE][PASSED] - Browser is closed

2021-03-15 15:08:10 - [MESSAGE][PASSED] - Call Test Case 'Test Cases/Extra Home Category Test Case/UTILITIES/CLOSE_BROWSER' successfully]]></system-out>
         <system-err><![CDATA[]]></system-err>
      </testcase>
      <testcase name="Test Cases/Extra Home Category Test Case/TEST CASE/GDA/TC_CAT_UI_002" time="16.316" classname="Test Cases/Extra Home Category Test Case/TEST CASE/GDA/TC_CAT_UI_002" status="PASSED">
         <system-out><![CDATA[2021-03-15 15:08:10 - [TEST_CASE][PASSED] - Test Cases/Extra Home Category Test Case/TEST CASE/GDA/TC_CAT_UI_002: Test Cases/Extra Home Category Test Case/TEST CASE/GDA/TC_CAT_UI_002

2021-03-15 15:08:10 - [TEST_STEP][PASSED] - callTestCase(findTestCase("Extra Home Category Test Case/UTILITIES/OPEN_BROWSER"), [:], STOP_ON_FAILURE): Call Test Case 'Test Cases/Extra Home Category Test Case/UTILITIES/OPEN_BROWSER' successfully

2021-03-15 15:08:10 - [TEST_CASE][PASSED] - Test Cases/Extra Home Category Test Case/UTILITIES/OPEN_BROWSER: Test Cases/Extra Home Category Test Case/UTILITIES/OPEN_BROWSER

2021-03-15 15:08:10 - [TEST_STEP][PASSED] - openBrowser("https://gdasandbox.test-arcadier.com/"): Browser is opened with url: 'https://gdasandbox.test-arcadier.com/'

2021-03-15 15:08:10 - [MESSAGE][INFO] - Starting 'Chrome' driver

2021-03-15 15:08:10 - [MESSAGE][INFO] - Action delay is set to 0 milliseconds

2021-03-15 15:08:25 - [MESSAGE][PASSED] - Browser is opened with url: 'https://gdasandbox.test-arcadier.com/'

2021-03-15 15:08:25 - [MESSAGE][PASSED] - Call Test Case 'Test Cases/Extra Home Category Test Case/UTILITIES/OPEN_BROWSER' successfully

2021-03-15 15:08:25 - [TEST_STEP][PASSED] - waitForElementVisible(findTestObject("Extra Menu Objects GDA/Page_diagnostics/div_Row"), 0): Object 'Object Repository/Extra Menu Objects GDA/Page_diagnostics/div_Row' is visible

2021-03-15 15:08:25 - [MESSAGE][WARNING] - Timeout '0' is invalid. Using default page load timeout: '30'

2021-03-15 15:08:26 - [MESSAGE][PASSED] - Object 'Object Repository/Extra Menu Objects GDA/Page_diagnostics/div_Row' is visible

2021-03-15 15:08:26 - [TEST_STEP][PASSED] - callTestCase(findTestCase("Extra Home Category Test Case/UTILITIES/CLOSE_BROWSER"), [:], STOP_ON_FAILURE): Call Test Case 'Test Cases/Extra Home Category Test Case/UTILITIES/CLOSE_BROWSER' successfully

2021-03-15 15:08:26 - [TEST_CASE][PASSED] - Test Cases/Extra Home Category Test Case/UTILITIES/CLOSE_BROWSER: Test Cases/Extra Home Category Test Case/UTILITIES/CLOSE_BROWSER

2021-03-15 15:08:26 - [TEST_STEP][PASSED] - closeBrowser(STOP_ON_FAILURE): Browser is closed

2021-03-15 15:08:26 - [MESSAGE][PASSED] - Browser is closed

2021-03-15 15:08:26 - [MESSAGE][PASSED] - Call Test Case 'Test Cases/Extra Home Category Test Case/UTILITIES/CLOSE_BROWSER' successfully]]></system-out>
         <system-err><![CDATA[]]></system-err>
      </testcase>
      <testcase name="Test Cases/Extra Home Category Test Case/TEST CASE/GDA/TC_CAT_UI_003" time="151.256" classname="Test Cases/Extra Home Category Test Case/TEST CASE/GDA/TC_CAT_UI_003" status="PASSED">
         <system-out><![CDATA[2021-03-15 15:08:26 - [TEST_CASE][PASSED] - Test Cases/Extra Home Category Test Case/TEST CASE/GDA/TC_CAT_UI_003: Test Cases/Extra Home Category Test Case/TEST CASE/GDA/TC_CAT_UI_003

2021-03-15 15:08:27 - [TEST_STEP][PASSED] - callTestCase(findTestCase("Extra Home Category Test Case/UTILITIES/OPEN_BROWSER"), [:], STOP_ON_FAILURE): Call Test Case 'Test Cases/Extra Home Category Test Case/UTILITIES/OPEN_BROWSER' successfully

2021-03-15 15:08:27 - [TEST_CASE][PASSED] - Test Cases/Extra Home Category Test Case/UTILITIES/OPEN_BROWSER: Test Cases/Extra Home Category Test Case/UTILITIES/OPEN_BROWSER

2021-03-15 15:08:27 - [TEST_STEP][PASSED] - openBrowser("https://gdasandbox.test-arcadier.com/"): Browser is opened with url: 'https://gdasandbox.test-arcadier.com/'

2021-03-15 15:08:27 - [MESSAGE][INFO] - Starting 'Chrome' driver

2021-03-15 15:08:27 - [MESSAGE][INFO] - Action delay is set to 0 milliseconds

2021-03-15 15:08:40 - [MESSAGE][PASSED] - Browser is opened with url: 'https://gdasandbox.test-arcadier.com/'

2021-03-15 15:08:40 - [MESSAGE][PASSED] - Call Test Case 'Test Cases/Extra Home Category Test Case/UTILITIES/OPEN_BROWSER' successfully

2021-03-15 15:08:40 - [TEST_STEP][PASSED] - waitForElementVisible(findTestObject("Extra Menu Objects GDA/Page_diagnostics/div_TUBERCULOSIS DIAGNOSTICS"), 0): Object 'Object Repository/Extra Menu Objects GDA/Page_diagnostics/div_TUBERCULOSIS DIAGNOSTICS' is visible

2021-03-15 15:08:40 - [MESSAGE][WARNING] - Timeout '0' is invalid. Using default page load timeout: '30'

2021-03-15 15:08:40 - [MESSAGE][PASSED] - Object 'Object Repository/Extra Menu Objects GDA/Page_diagnostics/div_TUBERCULOSIS DIAGNOSTICS' is visible

2021-03-15 15:08:40 - [TEST_STEP][PASSED] - waitForElementVisible(findTestObject("Extra Menu Objects GDA/Page_diagnostics/a_TUBERCULOSIS_DIAGNOSTICS"), 0): Object 'Object Repository/Extra Menu Objects GDA/Page_diagnostics/a_TUBERCULOSIS_DIAGNOSTICS' is visible

2021-03-15 15:08:40 - [MESSAGE][WARNING] - Timeout '0' is invalid. Using default page load timeout: '30'

2021-03-15 15:09:11 - [MESSAGE][INFO] - Unable to find the element located by 'By.xpath: //div[4]/div/div/div/div[2]/div[1]/div/div/div[1]/div[1]/div[1]/div[2]/a[count(. | //*[(text() = 'TUBERCULOSIS DIAGNOSTICS' or . = 'TUBERCULOSIS DIAGNOSTICS')]) = count(//*[(text() = 'TUBERCULOSIS DIAGNOSTICS' or . = 'TUBERCULOSIS DIAGNOSTICS')])]'. Please recheck the objects properties to make sure the desired element is located. 

2021-03-15 15:09:11 - [MESSAGE][WARNING] - [SELF-HEALING] Failed to find element with id 'Object Repository/Extra Menu Objects GDA/Page_diagnostics/a_TUBERCULOSIS_DIAGNOSTICS'. Try using Self-healing.

2021-03-15 15:09:12 - [MESSAGE][WARNING] - [SELF-HEALING] The current locator of test object 'Object Repository/Extra Menu Objects GDA/Page_diagnostics/a_TUBERCULOSIS_DIAGNOSTICS' was broken. Propose an alternative one: '(//a[contains(text(),'TUBERCULOSIS DIAGNOSTICS')])[3]'.

2021-03-15 15:09:12 - [MESSAGE][PASSED] - Object 'Object Repository/Extra Menu Objects GDA/Page_diagnostics/a_TUBERCULOSIS_DIAGNOSTICS' is visible

2021-03-15 15:09:12 - [TEST_STEP][PASSED] - verifyElementText(findTestObject("Extra Menu Objects GDA/Page_diagnostics/a_TUBERCULOSIS_DIAGNOSTICS"), "TUBERCULOSIS DIAGNOSTICS"): Actual text and expected text of test object 'Object Repository/Extra Menu Objects GDA/Page_diagnostics/a_TUBERCULOSIS_DIAGNOSTICS' are matched.

2021-03-15 15:09:43 - [MESSAGE][INFO] - Unable to find the element located by 'By.xpath: //div[4]/div/div/div/div[2]/div[1]/div/div/div[1]/div[1]/div[1]/div[2]/a[count(. | //*[(text() = 'TUBERCULOSIS DIAGNOSTICS' or . = 'TUBERCULOSIS DIAGNOSTICS')]) = count(//*[(text() = 'TUBERCULOSIS DIAGNOSTICS' or . = 'TUBERCULOSIS DIAGNOSTICS')])]'. Please recheck the objects properties to make sure the desired element is located. 

2021-03-15 15:09:43 - [MESSAGE][WARNING] - [SELF-HEALING] Failed to find element with id 'Object Repository/Extra Menu Objects GDA/Page_diagnostics/a_TUBERCULOSIS_DIAGNOSTICS'. Try using Self-healing.

2021-03-15 15:09:43 - [MESSAGE][WARNING] - [SELF-HEALING] The current locator of test object 'Object Repository/Extra Menu Objects GDA/Page_diagnostics/a_TUBERCULOSIS_DIAGNOSTICS' was broken. Propose an alternative one: '(//a[contains(text(),'TUBERCULOSIS DIAGNOSTICS')])[3]'.

2021-03-15 15:09:43 - [MESSAGE][PASSED] - Actual text and expected text of test object 'Object Repository/Extra Menu Objects GDA/Page_diagnostics/a_TUBERCULOSIS_DIAGNOSTICS' are matched.

2021-03-15 15:09:43 - [TEST_STEP][PASSED] - verifyElementClickable(findTestObject("Extra Menu Objects GDA/Page_diagnostics/a_TUBERCULOSIS_DIAGNOSTICS")): Object 'Object Repository/Extra Menu Objects GDA/Page_diagnostics/a_TUBERCULOSIS_DIAGNOSTICS' is clickable

2021-03-15 15:10:14 - [MESSAGE][INFO] - Unable to find the element located by 'By.xpath: //div[4]/div/div/div/div[2]/div[1]/div/div/div[1]/div[1]/div[1]/div[2]/a[count(. | //*[(text() = 'TUBERCULOSIS DIAGNOSTICS' or . = 'TUBERCULOSIS DIAGNOSTICS')]) = count(//*[(text() = 'TUBERCULOSIS DIAGNOSTICS' or . = 'TUBERCULOSIS DIAGNOSTICS')])]'. Please recheck the objects properties to make sure the desired element is located. 

2021-03-15 15:10:14 - [MESSAGE][WARNING] - [SELF-HEALING] Failed to find element with id 'Object Repository/Extra Menu Objects GDA/Page_diagnostics/a_TUBERCULOSIS_DIAGNOSTICS'. Try using Self-healing.

2021-03-15 15:10:14 - [MESSAGE][WARNING] - [SELF-HEALING] The current locator of test object 'Object Repository/Extra Menu Objects GDA/Page_diagnostics/a_TUBERCULOSIS_DIAGNOSTICS' was broken. Propose an alternative one: '(//a[contains(text(),'TUBERCULOSIS DIAGNOSTICS')])[3]'.

2021-03-15 15:10:14 - [MESSAGE][PASSED] - Object 'Object Repository/Extra Menu Objects GDA/Page_diagnostics/a_TUBERCULOSIS_DIAGNOSTICS' is clickable

2021-03-15 15:10:14 - [TEST_STEP][PASSED] - click(findTestObject("Extra Menu Objects GDA/Page_diagnostics/a_TUBERCULOSIS_DIAGNOSTICS")): Object: 'Object Repository/Extra Menu Objects GDA/Page_diagnostics/a_TUBERCULOSIS_DIAGNOSTICS' is clicked on

2021-03-15 15:10:46 - [MESSAGE][INFO] - Unable to find the element located by 'By.xpath: //div[4]/div/div/div/div[2]/div[1]/div/div/div[1]/div[1]/div[1]/div[2]/a[count(. | //*[(text() = 'TUBERCULOSIS DIAGNOSTICS' or . = 'TUBERCULOSIS DIAGNOSTICS')]) = count(//*[(text() = 'TUBERCULOSIS DIAGNOSTICS' or . = 'TUBERCULOSIS DIAGNOSTICS')])]'. Please recheck the objects properties to make sure the desired element is located. 

2021-03-15 15:10:46 - [MESSAGE][WARNING] - [SELF-HEALING] Failed to find element with id 'Object Repository/Extra Menu Objects GDA/Page_diagnostics/a_TUBERCULOSIS_DIAGNOSTICS'. Try using Self-healing.

2021-03-15 15:10:46 - [MESSAGE][WARNING] - [SELF-HEALING] The current locator of test object 'Object Repository/Extra Menu Objects GDA/Page_diagnostics/a_TUBERCULOSIS_DIAGNOSTICS' was broken. Propose an alternative one: '(//a[contains(text(),'TUBERCULOSIS DIAGNOSTICS')])[3]'.

2021-03-15 15:10:53 - [MESSAGE][PASSED] - Object: 'Object Repository/Extra Menu Objects GDA/Page_diagnostics/a_TUBERCULOSIS_DIAGNOSTICS' is clicked on

2021-03-15 15:10:53 - [TEST_STEP][PASSED] - waitForElementVisible(findTestObject("Extra Menu Objects GDA/Page_diagnostics/a_TUBERCULOSIS_DIAGNOSTICS_Search"), 0): Object 'Object Repository/Extra Menu Objects GDA/Page_diagnostics/a_TUBERCULOSIS_DIAGNOSTICS_Search' is visible

2021-03-15 15:10:53 - [MESSAGE][WARNING] - Timeout '0' is invalid. Using default page load timeout: '30'

2021-03-15 15:10:57 - [MESSAGE][PASSED] - Object 'Object Repository/Extra Menu Objects GDA/Page_diagnostics/a_TUBERCULOSIS_DIAGNOSTICS_Search' is visible

2021-03-15 15:10:57 - [TEST_STEP][PASSED] - callTestCase(findTestCase("Extra Home Category Test Case/UTILITIES/CLOSE_BROWSER"), [:], STOP_ON_FAILURE): Call Test Case 'Test Cases/Extra Home Category Test Case/UTILITIES/CLOSE_BROWSER' successfully

2021-03-15 15:10:57 - [TEST_CASE][PASSED] - Test Cases/Extra Home Category Test Case/UTILITIES/CLOSE_BROWSER: Test Cases/Extra Home Category Test Case/UTILITIES/CLOSE_BROWSER

2021-03-15 15:10:57 - [TEST_STEP][PASSED] - closeBrowser(STOP_ON_FAILURE): Browser is closed

2021-03-15 15:10:58 - [MESSAGE][PASSED] - Browser is closed

2021-03-15 15:10:58 - [MESSAGE][PASSED] - Call Test Case 'Test Cases/Extra Home Category Test Case/UTILITIES/CLOSE_BROWSER' successfully]]></system-out>
         <system-err><![CDATA[]]></system-err>
      </testcase>
      <testcase name="Test Cases/Extra Home Category Test Case/TEST CASE/GDA/TC_CAT_UI_004" time="151.278" classname="Test Cases/Extra Home Category Test Case/TEST CASE/GDA/TC_CAT_UI_004" status="PASSED">
         <system-out><![CDATA[2021-03-15 15:10:58 - [TEST_CASE][PASSED] - Test Cases/Extra Home Category Test Case/TEST CASE/GDA/TC_CAT_UI_004: Test Cases/Extra Home Category Test Case/TEST CASE/GDA/TC_CAT_UI_004

2021-03-15 15:10:58 - [TEST_STEP][PASSED] - callTestCase(findTestCase("Extra Home Category Test Case/UTILITIES/OPEN_BROWSER"), [:], STOP_ON_FAILURE): Call Test Case 'Test Cases/Extra Home Category Test Case/UTILITIES/OPEN_BROWSER' successfully

2021-03-15 15:10:58 - [TEST_CASE][PASSED] - Test Cases/Extra Home Category Test Case/UTILITIES/OPEN_BROWSER: Test Cases/Extra Home Category Test Case/UTILITIES/OPEN_BROWSER

2021-03-15 15:10:58 - [TEST_STEP][PASSED] - openBrowser("https://gdasandbox.test-arcadier.com/"): Browser is opened with url: 'https://gdasandbox.test-arcadier.com/'

2021-03-15 15:10:58 - [MESSAGE][INFO] - Starting 'Chrome' driver

2021-03-15 15:10:58 - [MESSAGE][INFO] - Action delay is set to 0 milliseconds

2021-03-15 15:11:11 - [MESSAGE][PASSED] - Browser is opened with url: 'https://gdasandbox.test-arcadier.com/'

2021-03-15 15:11:11 - [MESSAGE][PASSED] - Call Test Case 'Test Cases/Extra Home Category Test Case/UTILITIES/OPEN_BROWSER' successfully

2021-03-15 15:11:11 - [TEST_STEP][PASSED] - waitForElementVisible(findTestObject("Extra Menu Objects GDA/Page_diagnostics/div_DIABETES DIAGNOSTICS"), 0): Object 'Object Repository/Extra Menu Objects GDA/Page_diagnostics/div_DIABETES DIAGNOSTICS' is visible

2021-03-15 15:11:11 - [MESSAGE][WARNING] - Timeout '0' is invalid. Using default page load timeout: '30'

2021-03-15 15:11:12 - [MESSAGE][PASSED] - Object 'Object Repository/Extra Menu Objects GDA/Page_diagnostics/div_DIABETES DIAGNOSTICS' is visible

2021-03-15 15:11:12 - [TEST_STEP][PASSED] - waitForElementVisible(findTestObject("Extra Menu Objects GDA/Page_diagnostics/a_DIABETES DIAGNOSTICS"), 0): Object 'Object Repository/Extra Menu Objects GDA/Page_diagnostics/a_DIABETES DIAGNOSTICS' is visible

2021-03-15 15:11:12 - [MESSAGE][WARNING] - Timeout '0' is invalid. Using default page load timeout: '30'

2021-03-15 15:11:44 - [MESSAGE][INFO] - Unable to find the element located by 'By.xpath: //div[4]/div/div/div/div[2]/div[1]/div/div/div[1]/div[1]/div[2]/div[2]/a[count(. | //*[(text() = 'DIABETES DIAGNOSTICS ' or . = 'DIABETES DIAGNOSTICS ')]) = count(//*[(text() = 'DIABETES DIAGNOSTICS ' or . = 'DIABETES DIAGNOSTICS ')])]'. Please recheck the objects properties to make sure the desired element is located. 

2021-03-15 15:11:44 - [MESSAGE][WARNING] - [SELF-HEALING] Failed to find element with id 'Object Repository/Extra Menu Objects GDA/Page_diagnostics/a_DIABETES DIAGNOSTICS'. Try using Self-healing.

2021-03-15 15:11:44 - [MESSAGE][WARNING] - [SELF-HEALING] The current locator of test object 'Object Repository/Extra Menu Objects GDA/Page_diagnostics/a_DIABETES DIAGNOSTICS' was broken. Propose an alternative one: '(//a[contains(text(),'DIABETES DIAGNOSTICS')])[3]'.

2021-03-15 15:11:44 - [MESSAGE][PASSED] - Object 'Object Repository/Extra Menu Objects GDA/Page_diagnostics/a_DIABETES DIAGNOSTICS' is visible

2021-03-15 15:11:44 - [TEST_STEP][PASSED] - verifyElementText(findTestObject("Extra Menu Objects GDA/Page_diagnostics/a_DIABETES DIAGNOSTICS"), "DIABETES DIAGNOSTICS"): Actual text and expected text of test object 'Object Repository/Extra Menu Objects GDA/Page_diagnostics/a_DIABETES DIAGNOSTICS' are matched.

2021-03-15 15:12:15 - [MESSAGE][INFO] - Unable to find the element located by 'By.xpath: //div[4]/div/div/div/div[2]/div[1]/div/div/div[1]/div[1]/div[2]/div[2]/a[count(. | //*[(text() = 'DIABETES DIAGNOSTICS ' or . = 'DIABETES DIAGNOSTICS ')]) = count(//*[(text() = 'DIABETES DIAGNOSTICS ' or . = 'DIABETES DIAGNOSTICS ')])]'. Please recheck the objects properties to make sure the desired element is located. 

2021-03-15 15:12:15 - [MESSAGE][WARNING] - [SELF-HEALING] Failed to find element with id 'Object Repository/Extra Menu Objects GDA/Page_diagnostics/a_DIABETES DIAGNOSTICS'. Try using Self-healing.

2021-03-15 15:12:15 - [MESSAGE][WARNING] - [SELF-HEALING] The current locator of test object 'Object Repository/Extra Menu Objects GDA/Page_diagnostics/a_DIABETES DIAGNOSTICS' was broken. Propose an alternative one: '(//a[contains(text(),'DIABETES DIAGNOSTICS')])[3]'.

2021-03-15 15:12:15 - [MESSAGE][PASSED] - Actual text and expected text of test object 'Object Repository/Extra Menu Objects GDA/Page_diagnostics/a_DIABETES DIAGNOSTICS' are matched.

2021-03-15 15:12:15 - [TEST_STEP][PASSED] - verifyElementClickable(findTestObject("Extra Menu Objects GDA/Page_diagnostics/a_DIABETES DIAGNOSTICS")): Object 'Object Repository/Extra Menu Objects GDA/Page_diagnostics/a_DIABETES DIAGNOSTICS' is clickable

2021-03-15 15:12:46 - [MESSAGE][INFO] - Unable to find the element located by 'By.xpath: //div[4]/div/div/div/div[2]/div[1]/div/div/div[1]/div[1]/div[2]/div[2]/a[count(. | //*[(text() = 'DIABETES DIAGNOSTICS ' or . = 'DIABETES DIAGNOSTICS ')]) = count(//*[(text() = 'DIABETES DIAGNOSTICS ' or . = 'DIABETES DIAGNOSTICS ')])]'. Please recheck the objects properties to make sure the desired element is located. 

2021-03-15 15:12:46 - [MESSAGE][WARNING] - [SELF-HEALING] Failed to find element with id 'Object Repository/Extra Menu Objects GDA/Page_diagnostics/a_DIABETES DIAGNOSTICS'. Try using Self-healing.

2021-03-15 15:12:47 - [MESSAGE][WARNING] - [SELF-HEALING] The current locator of test object 'Object Repository/Extra Menu Objects GDA/Page_diagnostics/a_DIABETES DIAGNOSTICS' was broken. Propose an alternative one: '(//a[contains(text(),'DIABETES DIAGNOSTICS')])[3]'.

2021-03-15 15:12:47 - [MESSAGE][PASSED] - Object 'Object Repository/Extra Menu Objects GDA/Page_diagnostics/a_DIABETES DIAGNOSTICS' is clickable

2021-03-15 15:12:47 - [TEST_STEP][PASSED] - click(findTestObject("Extra Menu Objects GDA/Page_diagnostics/a_DIABETES DIAGNOSTICS")): Object: 'Object Repository/Extra Menu Objects GDA/Page_diagnostics/a_DIABETES DIAGNOSTICS' is clicked on

2021-03-15 15:13:18 - [MESSAGE][INFO] - Unable to find the element located by 'By.xpath: //div[4]/div/div/div/div[2]/div[1]/div/div/div[1]/div[1]/div[2]/div[2]/a[count(. | //*[(text() = 'DIABETES DIAGNOSTICS ' or . = 'DIABETES DIAGNOSTICS ')]) = count(//*[(text() = 'DIABETES DIAGNOSTICS ' or . = 'DIABETES DIAGNOSTICS ')])]'. Please recheck the objects properties to make sure the desired element is located. 

2021-03-15 15:13:18 - [MESSAGE][WARNING] - [SELF-HEALING] Failed to find element with id 'Object Repository/Extra Menu Objects GDA/Page_diagnostics/a_DIABETES DIAGNOSTICS'. Try using Self-healing.

2021-03-15 15:13:18 - [MESSAGE][WARNING] - [SELF-HEALING] The current locator of test object 'Object Repository/Extra Menu Objects GDA/Page_diagnostics/a_DIABETES DIAGNOSTICS' was broken. Propose an alternative one: '(//a[contains(text(),'DIABETES DIAGNOSTICS')])[3]'.

2021-03-15 15:13:26 - [MESSAGE][PASSED] - Object: 'Object Repository/Extra Menu Objects GDA/Page_diagnostics/a_DIABETES DIAGNOSTICS' is clicked on

2021-03-15 15:13:26 - [TEST_STEP][PASSED] - waitForElementVisible(findTestObject("Extra Menu Objects GDA/Page_diagnostics/a_DIABETES_DIAGNOSTICS_Search"), 0): Object 'Object Repository/Extra Menu Objects GDA/Page_diagnostics/a_DIABETES_DIAGNOSTICS_Search' is visible

2021-03-15 15:13:26 - [MESSAGE][WARNING] - Timeout '0' is invalid. Using default page load timeout: '30'

2021-03-15 15:13:27 - [MESSAGE][PASSED] - Object 'Object Repository/Extra Menu Objects GDA/Page_diagnostics/a_DIABETES_DIAGNOSTICS_Search' is visible

2021-03-15 15:13:27 - [TEST_STEP][PASSED] - callTestCase(findTestCase("Extra Home Category Test Case/UTILITIES/CLOSE_BROWSER"), [:], STOP_ON_FAILURE): Call Test Case 'Test Cases/Extra Home Category Test Case/UTILITIES/CLOSE_BROWSER' successfully

2021-03-15 15:13:27 - [TEST_CASE][PASSED] - Test Cases/Extra Home Category Test Case/UTILITIES/CLOSE_BROWSER: Test Cases/Extra Home Category Test Case/UTILITIES/CLOSE_BROWSER

2021-03-15 15:13:27 - [TEST_STEP][PASSED] - closeBrowser(STOP_ON_FAILURE): Browser is closed

2021-03-15 15:13:29 - [MESSAGE][PASSED] - Browser is closed

2021-03-15 15:13:29 - [MESSAGE][PASSED] - Call Test Case 'Test Cases/Extra Home Category Test Case/UTILITIES/CLOSE_BROWSER' successfully]]></system-out>
         <system-err><![CDATA[]]></system-err>
      </testcase>
      <testcase name="Test Cases/Extra Home Category Test Case/TEST CASE/GDA/TC_CAT_UI_005" time="149.821" classname="Test Cases/Extra Home Category Test Case/TEST CASE/GDA/TC_CAT_UI_005" status="PASSED">
         <system-out><![CDATA[2021-03-15 15:13:29 - [TEST_CASE][PASSED] - Test Cases/Extra Home Category Test Case/TEST CASE/GDA/TC_CAT_UI_005: Test Cases/Extra Home Category Test Case/TEST CASE/GDA/TC_CAT_UI_005

2021-03-15 15:13:29 - [TEST_STEP][PASSED] - callTestCase(findTestCase("Extra Home Category Test Case/UTILITIES/OPEN_BROWSER"), [:], STOP_ON_FAILURE): Call Test Case 'Test Cases/Extra Home Category Test Case/UTILITIES/OPEN_BROWSER' successfully

2021-03-15 15:13:29 - [TEST_CASE][PASSED] - Test Cases/Extra Home Category Test Case/UTILITIES/OPEN_BROWSER: Test Cases/Extra Home Category Test Case/UTILITIES/OPEN_BROWSER

2021-03-15 15:13:29 - [TEST_STEP][PASSED] - openBrowser("https://gdasandbox.test-arcadier.com/"): Browser is opened with url: 'https://gdasandbox.test-arcadier.com/'

2021-03-15 15:13:29 - [MESSAGE][INFO] - Starting 'Chrome' driver

2021-03-15 15:13:29 - [MESSAGE][INFO] - Action delay is set to 0 milliseconds

2021-03-15 15:13:42 - [MESSAGE][PASSED] - Browser is opened with url: 'https://gdasandbox.test-arcadier.com/'

2021-03-15 15:13:42 - [MESSAGE][PASSED] - Call Test Case 'Test Cases/Extra Home Category Test Case/UTILITIES/OPEN_BROWSER' successfully

2021-03-15 15:13:42 - [TEST_STEP][PASSED] - waitForElementVisible(findTestObject("Extra Menu Objects GDA/Page_diagnostics/div_HEPATITIS C  HIV DIAGNOSTICS"), 0): Object 'Object Repository/Extra Menu Objects GDA/Page_diagnostics/div_HEPATITIS C  HIV DIAGNOSTICS' is visible

2021-03-15 15:13:42 - [MESSAGE][WARNING] - Timeout '0' is invalid. Using default page load timeout: '30'

2021-03-15 15:13:43 - [MESSAGE][PASSED] - Object 'Object Repository/Extra Menu Objects GDA/Page_diagnostics/div_HEPATITIS C  HIV DIAGNOSTICS' is visible

2021-03-15 15:13:43 - [TEST_STEP][PASSED] - waitForElementVisible(findTestObject("Extra Menu Objects GDA/Page_diagnostics/a_HEPATITIS C  HIV DIAGNOSTICS"), 0): Object 'Object Repository/Extra Menu Objects GDA/Page_diagnostics/a_HEPATITIS C  HIV DIAGNOSTICS' is visible

2021-03-15 15:13:43 - [MESSAGE][WARNING] - Timeout '0' is invalid. Using default page load timeout: '30'

2021-03-15 15:14:14 - [MESSAGE][INFO] - Unable to find the element located by 'By.xpath: //div[4]/div/div/div/div[2]/div[1]/div/div/div[1]/div[1]/div[3]/div[2]/a[count(. | //*[(text() = 'HEPATITIS C & HIV DIAGNOSTICS ' or . = 'HEPATITIS C & HIV DIAGNOSTICS ')]) = count(//*[(text() = 'HEPATITIS C & HIV DIAGNOSTICS ' or . = 'HEPATITIS C & HIV DIAGNOSTICS ')])]'. Please recheck the objects properties to make sure the desired element is located. 

2021-03-15 15:14:14 - [MESSAGE][WARNING] - [SELF-HEALING] Failed to find element with id 'Object Repository/Extra Menu Objects GDA/Page_diagnostics/a_HEPATITIS C  HIV DIAGNOSTICS'. Try using Self-healing.

2021-03-15 15:14:15 - [MESSAGE][WARNING] - [SELF-HEALING] The current locator of test object 'Object Repository/Extra Menu Objects GDA/Page_diagnostics/a_HEPATITIS C  HIV DIAGNOSTICS' was broken. Propose an alternative one: '(//a[contains(text(),'HEPATITIS C & HIV DIAGNOSTICS')])[3]'.

2021-03-15 15:14:15 - [MESSAGE][PASSED] - Object 'Object Repository/Extra Menu Objects GDA/Page_diagnostics/a_HEPATITIS C  HIV DIAGNOSTICS' is visible

2021-03-15 15:14:15 - [TEST_STEP][PASSED] - verifyElementText(findTestObject("Extra Menu Objects GDA/Page_diagnostics/a_HEPATITIS C  HIV DIAGNOSTICS"), "HEPATITIS C & HIV DIAGNOSTICS"): Actual text and expected text of test object 'Object Repository/Extra Menu Objects GDA/Page_diagnostics/a_HEPATITIS C  HIV DIAGNOSTICS' are matched.

2021-03-15 15:14:46 - [MESSAGE][INFO] - Unable to find the element located by 'By.xpath: //div[4]/div/div/div/div[2]/div[1]/div/div/div[1]/div[1]/div[3]/div[2]/a[count(. | //*[(text() = 'HEPATITIS C & HIV DIAGNOSTICS ' or . = 'HEPATITIS C & HIV DIAGNOSTICS ')]) = count(//*[(text() = 'HEPATITIS C & HIV DIAGNOSTICS ' or . = 'HEPATITIS C & HIV DIAGNOSTICS ')])]'. Please recheck the objects properties to make sure the desired element is located. 

2021-03-15 15:14:46 - [MESSAGE][WARNING] - [SELF-HEALING] Failed to find element with id 'Object Repository/Extra Menu Objects GDA/Page_diagnostics/a_HEPATITIS C  HIV DIAGNOSTICS'. Try using Self-healing.

2021-03-15 15:14:46 - [MESSAGE][WARNING] - [SELF-HEALING] The current locator of test object 'Object Repository/Extra Menu Objects GDA/Page_diagnostics/a_HEPATITIS C  HIV DIAGNOSTICS' was broken. Propose an alternative one: '(//a[contains(text(),'HEPATITIS C & HIV DIAGNOSTICS')])[3]'.

2021-03-15 15:14:46 - [MESSAGE][PASSED] - Actual text and expected text of test object 'Object Repository/Extra Menu Objects GDA/Page_diagnostics/a_HEPATITIS C  HIV DIAGNOSTICS' are matched.

2021-03-15 15:14:46 - [TEST_STEP][PASSED] - verifyElementClickable(findTestObject("Extra Menu Objects GDA/Page_diagnostics/a_HEPATITIS C  HIV DIAGNOSTICS")): Object 'Object Repository/Extra Menu Objects GDA/Page_diagnostics/a_HEPATITIS C  HIV DIAGNOSTICS' is clickable

2021-03-15 15:15:17 - [MESSAGE][INFO] - Unable to find the element located by 'By.xpath: //div[4]/div/div/div/div[2]/div[1]/div/div/div[1]/div[1]/div[3]/div[2]/a[count(. | //*[(text() = 'HEPATITIS C & HIV DIAGNOSTICS ' or . = 'HEPATITIS C & HIV DIAGNOSTICS ')]) = count(//*[(text() = 'HEPATITIS C & HIV DIAGNOSTICS ' or . = 'HEPATITIS C & HIV DIAGNOSTICS ')])]'. Please recheck the objects properties to make sure the desired element is located. 

2021-03-15 15:15:17 - [MESSAGE][WARNING] - [SELF-HEALING] Failed to find element with id 'Object Repository/Extra Menu Objects GDA/Page_diagnostics/a_HEPATITIS C  HIV DIAGNOSTICS'. Try using Self-healing.

2021-03-15 15:15:17 - [MESSAGE][WARNING] - [SELF-HEALING] The current locator of test object 'Object Repository/Extra Menu Objects GDA/Page_diagnostics/a_HEPATITIS C  HIV DIAGNOSTICS' was broken. Propose an alternative one: '(//a[contains(text(),'HEPATITIS C & HIV DIAGNOSTICS')])[3]'.

2021-03-15 15:15:17 - [MESSAGE][PASSED] - Object 'Object Repository/Extra Menu Objects GDA/Page_diagnostics/a_HEPATITIS C  HIV DIAGNOSTICS' is clickable

2021-03-15 15:15:17 - [TEST_STEP][PASSED] - click(findTestObject("Extra Menu Objects GDA/Page_diagnostics/a_HEPATITIS C  HIV DIAGNOSTICS")): Object: 'Object Repository/Extra Menu Objects GDA/Page_diagnostics/a_HEPATITIS C  HIV DIAGNOSTICS' is clicked on

2021-03-15 15:15:49 - [MESSAGE][INFO] - Unable to find the element located by 'By.xpath: //div[4]/div/div/div/div[2]/div[1]/div/div/div[1]/div[1]/div[3]/div[2]/a[count(. | //*[(text() = 'HEPATITIS C & HIV DIAGNOSTICS ' or . = 'HEPATITIS C & HIV DIAGNOSTICS ')]) = count(//*[(text() = 'HEPATITIS C & HIV DIAGNOSTICS ' or . = 'HEPATITIS C & HIV DIAGNOSTICS ')])]'. Please recheck the objects properties to make sure the desired element is located. 

2021-03-15 15:15:49 - [MESSAGE][WARNING] - [SELF-HEALING] Failed to find element with id 'Object Repository/Extra Menu Objects GDA/Page_diagnostics/a_HEPATITIS C  HIV DIAGNOSTICS'. Try using Self-healing.

2021-03-15 15:15:49 - [MESSAGE][WARNING] - [SELF-HEALING] The current locator of test object 'Object Repository/Extra Menu Objects GDA/Page_diagnostics/a_HEPATITIS C  HIV DIAGNOSTICS' was broken. Propose an alternative one: '(//a[contains(text(),'HEPATITIS C & HIV DIAGNOSTICS')])[3]'.

2021-03-15 15:15:55 - [MESSAGE][PASSED] - Object: 'Object Repository/Extra Menu Objects GDA/Page_diagnostics/a_HEPATITIS C  HIV DIAGNOSTICS' is clicked on

2021-03-15 15:15:55 - [TEST_STEP][PASSED] - waitForElementVisible(findTestObject("Extra Menu Objects GDA/Page_diagnostics/a_HEPATITIS_C _HIV_DIAGNOSTICS_Search"), 0): Object 'Object Repository/Extra Menu Objects GDA/Page_diagnostics/a_HEPATITIS_C _HIV_DIAGNOSTICS_Search' is visible

2021-03-15 15:15:55 - [MESSAGE][WARNING] - Timeout '0' is invalid. Using default page load timeout: '30'

2021-03-15 15:15:58 - [MESSAGE][PASSED] - Object 'Object Repository/Extra Menu Objects GDA/Page_diagnostics/a_HEPATITIS_C _HIV_DIAGNOSTICS_Search' is visible

2021-03-15 15:15:58 - [TEST_STEP][PASSED] - callTestCase(findTestCase("Extra Home Category Test Case/UTILITIES/CLOSE_BROWSER"), [:], STOP_ON_FAILURE): Call Test Case 'Test Cases/Extra Home Category Test Case/UTILITIES/CLOSE_BROWSER' successfully

2021-03-15 15:15:58 - [TEST_CASE][PASSED] - Test Cases/Extra Home Category Test Case/UTILITIES/CLOSE_BROWSER: Test Cases/Extra Home Category Test Case/UTILITIES/CLOSE_BROWSER

2021-03-15 15:15:58 - [TEST_STEP][PASSED] - closeBrowser(STOP_ON_FAILURE): Browser is closed

2021-03-15 15:15:59 - [MESSAGE][PASSED] - Browser is closed

2021-03-15 15:15:59 - [MESSAGE][PASSED] - Call Test Case 'Test Cases/Extra Home Category Test Case/UTILITIES/CLOSE_BROWSER' successfully]]></system-out>
         <system-err><![CDATA[]]></system-err>
      </testcase>
      <testcase name="Test Cases/Extra Home Category Test Case/TEST CASE/GDA/TC_CAT_UI_006" time="147.915" classname="Test Cases/Extra Home Category Test Case/TEST CASE/GDA/TC_CAT_UI_006" status="PASSED">
         <system-out><![CDATA[2021-03-15 15:15:59 - [TEST_CASE][PASSED] - Test Cases/Extra Home Category Test Case/TEST CASE/GDA/TC_CAT_UI_006: Test Cases/Extra Home Category Test Case/TEST CASE/GDA/TC_CAT_UI_006

2021-03-15 15:15:59 - [TEST_STEP][PASSED] - callTestCase(findTestCase("Extra Home Category Test Case/UTILITIES/OPEN_BROWSER"), [:], STOP_ON_FAILURE): Call Test Case 'Test Cases/Extra Home Category Test Case/UTILITIES/OPEN_BROWSER' successfully

2021-03-15 15:15:59 - [TEST_CASE][PASSED] - Test Cases/Extra Home Category Test Case/UTILITIES/OPEN_BROWSER: Test Cases/Extra Home Category Test Case/UTILITIES/OPEN_BROWSER

2021-03-15 15:15:59 - [TEST_STEP][PASSED] - openBrowser("https://gdasandbox.test-arcadier.com/"): Browser is opened with url: 'https://gdasandbox.test-arcadier.com/'

2021-03-15 15:15:59 - [MESSAGE][INFO] - Starting 'Chrome' driver

2021-03-15 15:15:59 - [MESSAGE][INFO] - Action delay is set to 0 milliseconds

2021-03-15 15:16:11 - [MESSAGE][PASSED] - Browser is opened with url: 'https://gdasandbox.test-arcadier.com/'

2021-03-15 15:16:11 - [MESSAGE][PASSED] - Call Test Case 'Test Cases/Extra Home Category Test Case/UTILITIES/OPEN_BROWSER' successfully

2021-03-15 15:16:11 - [TEST_STEP][PASSED] - waitForElementVisible(findTestObject("Extra Menu Objects GDA/Page_diagnostics/div_NTD DIAGNOSTICS"), 0): Object 'Object Repository/Extra Menu Objects GDA/Page_diagnostics/div_NTD DIAGNOSTICS' is visible

2021-03-15 15:16:11 - [MESSAGE][WARNING] - Timeout '0' is invalid. Using default page load timeout: '30'

2021-03-15 15:16:11 - [MESSAGE][PASSED] - Object 'Object Repository/Extra Menu Objects GDA/Page_diagnostics/div_NTD DIAGNOSTICS' is visible

2021-03-15 15:16:11 - [TEST_STEP][PASSED] - waitForElementVisible(findTestObject("Extra Menu Objects GDA/Page_diagnostics/a_NTD DIAGNOSTICS"), 0): Object 'Object Repository/Extra Menu Objects GDA/Page_diagnostics/a_NTD DIAGNOSTICS' is visible

2021-03-15 15:16:11 - [MESSAGE][WARNING] - Timeout '0' is invalid. Using default page load timeout: '30'

2021-03-15 15:16:42 - [MESSAGE][INFO] - Unable to find the element located by 'By.xpath: //div[4]/div/div/div/div[2]/div[1]/div/div/div[1]/div[1]/div[4]/div[2]/a[count(. | //*[(text() = 'NTD DIAGNOSTICS' or . = 'NTD DIAGNOSTICS')]) = count(//*[(text() = 'NTD DIAGNOSTICS' or . = 'NTD DIAGNOSTICS')])]'. Please recheck the objects properties to make sure the desired element is located. 

2021-03-15 15:16:42 - [MESSAGE][WARNING] - [SELF-HEALING] Failed to find element with id 'Object Repository/Extra Menu Objects GDA/Page_diagnostics/a_NTD DIAGNOSTICS'. Try using Self-healing.

2021-03-15 15:16:43 - [MESSAGE][WARNING] - [SELF-HEALING] The current locator of test object 'Object Repository/Extra Menu Objects GDA/Page_diagnostics/a_NTD DIAGNOSTICS' was broken. Propose an alternative one: '(//a[contains(text(),'NTD DIAGNOSTICS')])[3]'.

2021-03-15 15:16:43 - [MESSAGE][PASSED] - Object 'Object Repository/Extra Menu Objects GDA/Page_diagnostics/a_NTD DIAGNOSTICS' is visible

2021-03-15 15:16:43 - [TEST_STEP][PASSED] - verifyElementText(findTestObject("Extra Menu Objects GDA/Page_diagnostics/a_NTD DIAGNOSTICS"), "NTD DIAGNOSTICS"): Actual text and expected text of test object 'Object Repository/Extra Menu Objects GDA/Page_diagnostics/a_NTD DIAGNOSTICS' are matched.

2021-03-15 15:17:14 - [MESSAGE][INFO] - Unable to find the element located by 'By.xpath: //div[4]/div/div/div/div[2]/div[1]/div/div/div[1]/div[1]/div[4]/div[2]/a[count(. | //*[(text() = 'NTD DIAGNOSTICS' or . = 'NTD DIAGNOSTICS')]) = count(//*[(text() = 'NTD DIAGNOSTICS' or . = 'NTD DIAGNOSTICS')])]'. Please recheck the objects properties to make sure the desired element is located. 

2021-03-15 15:17:14 - [MESSAGE][WARNING] - [SELF-HEALING] Failed to find element with id 'Object Repository/Extra Menu Objects GDA/Page_diagnostics/a_NTD DIAGNOSTICS'. Try using Self-healing.

2021-03-15 15:17:14 - [MESSAGE][WARNING] - [SELF-HEALING] The current locator of test object 'Object Repository/Extra Menu Objects GDA/Page_diagnostics/a_NTD DIAGNOSTICS' was broken. Propose an alternative one: '(//a[contains(text(),'NTD DIAGNOSTICS')])[3]'.

2021-03-15 15:17:14 - [MESSAGE][PASSED] - Actual text and expected text of test object 'Object Repository/Extra Menu Objects GDA/Page_diagnostics/a_NTD DIAGNOSTICS' are matched.

2021-03-15 15:17:14 - [TEST_STEP][PASSED] - verifyElementClickable(findTestObject("Extra Menu Objects GDA/Page_diagnostics/a_NTD DIAGNOSTICS")): Object 'Object Repository/Extra Menu Objects GDA/Page_diagnostics/a_NTD DIAGNOSTICS' is clickable

2021-03-15 15:17:45 - [MESSAGE][INFO] - Unable to find the element located by 'By.xpath: //div[4]/div/div/div/div[2]/div[1]/div/div/div[1]/div[1]/div[4]/div[2]/a[count(. | //*[(text() = 'NTD DIAGNOSTICS' or . = 'NTD DIAGNOSTICS')]) = count(//*[(text() = 'NTD DIAGNOSTICS' or . = 'NTD DIAGNOSTICS')])]'. Please recheck the objects properties to make sure the desired element is located. 

2021-03-15 15:17:45 - [MESSAGE][WARNING] - [SELF-HEALING] Failed to find element with id 'Object Repository/Extra Menu Objects GDA/Page_diagnostics/a_NTD DIAGNOSTICS'. Try using Self-healing.

2021-03-15 15:17:45 - [MESSAGE][WARNING] - [SELF-HEALING] The current locator of test object 'Object Repository/Extra Menu Objects GDA/Page_diagnostics/a_NTD DIAGNOSTICS' was broken. Propose an alternative one: '(//a[contains(text(),'NTD DIAGNOSTICS')])[3]'.

2021-03-15 15:17:45 - [MESSAGE][PASSED] - Object 'Object Repository/Extra Menu Objects GDA/Page_diagnostics/a_NTD DIAGNOSTICS' is clickable

2021-03-15 15:17:45 - [TEST_STEP][PASSED] - click(findTestObject("Extra Menu Objects GDA/Page_diagnostics/a_NTD DIAGNOSTICS")): Object: 'Object Repository/Extra Menu Objects GDA/Page_diagnostics/a_NTD DIAGNOSTICS' is clicked on

2021-03-15 15:18:17 - [MESSAGE][INFO] - Unable to find the element located by 'By.xpath: //div[4]/div/div/div/div[2]/div[1]/div/div/div[1]/div[1]/div[4]/div[2]/a[count(. | //*[(text() = 'NTD DIAGNOSTICS' or . = 'NTD DIAGNOSTICS')]) = count(//*[(text() = 'NTD DIAGNOSTICS' or . = 'NTD DIAGNOSTICS')])]'. Please recheck the objects properties to make sure the desired element is located. 

2021-03-15 15:18:17 - [MESSAGE][WARNING] - [SELF-HEALING] Failed to find element with id 'Object Repository/Extra Menu Objects GDA/Page_diagnostics/a_NTD DIAGNOSTICS'. Try using Self-healing.

2021-03-15 15:18:17 - [MESSAGE][WARNING] - [SELF-HEALING] The current locator of test object 'Object Repository/Extra Menu Objects GDA/Page_diagnostics/a_NTD DIAGNOSTICS' was broken. Propose an alternative one: '(//a[contains(text(),'NTD DIAGNOSTICS')])[3]'.

2021-03-15 15:18:22 - [MESSAGE][PASSED] - Object: 'Object Repository/Extra Menu Objects GDA/Page_diagnostics/a_NTD DIAGNOSTICS' is clicked on

2021-03-15 15:18:22 - [TEST_STEP][PASSED] - waitForElementVisible(findTestObject("Extra Menu Objects GDA/Page_diagnostics/a_NTD_DIAGNOSTICS_Search"), 0): Object 'Object Repository/Extra Menu Objects GDA/Page_diagnostics/a_NTD_DIAGNOSTICS_Search' is visible

2021-03-15 15:18:22 - [MESSAGE][WARNING] - Timeout '0' is invalid. Using default page load timeout: '30'

2021-03-15 15:18:26 - [MESSAGE][PASSED] - Object 'Object Repository/Extra Menu Objects GDA/Page_diagnostics/a_NTD_DIAGNOSTICS_Search' is visible

2021-03-15 15:18:26 - [TEST_STEP][PASSED] - callTestCase(findTestCase("Extra Home Category Test Case/UTILITIES/CLOSE_BROWSER"), [:], STOP_ON_FAILURE): Call Test Case 'Test Cases/Extra Home Category Test Case/UTILITIES/CLOSE_BROWSER' successfully

2021-03-15 15:18:26 - [TEST_CASE][PASSED] - Test Cases/Extra Home Category Test Case/UTILITIES/CLOSE_BROWSER: Test Cases/Extra Home Category Test Case/UTILITIES/CLOSE_BROWSER

2021-03-15 15:18:26 - [TEST_STEP][PASSED] - closeBrowser(STOP_ON_FAILURE): Browser is closed

2021-03-15 15:18:27 - [MESSAGE][PASSED] - Browser is closed

2021-03-15 15:18:27 - [MESSAGE][PASSED] - Call Test Case 'Test Cases/Extra Home Category Test Case/UTILITIES/CLOSE_BROWSER' successfully]]></system-out>
         <system-err><![CDATA[]]></system-err>
      </testcase>
      <testcase name="Test Cases/Extra Home Category Test Case/TEST CASE/GDA/TC_CAT_UI_007" time="151.159" classname="Test Cases/Extra Home Category Test Case/TEST CASE/GDA/TC_CAT_UI_007" status="PASSED">
         <system-out><![CDATA[2021-03-15 15:18:27 - [TEST_CASE][PASSED] - Test Cases/Extra Home Category Test Case/TEST CASE/GDA/TC_CAT_UI_007: Test Cases/Extra Home Category Test Case/TEST CASE/GDA/TC_CAT_UI_007

2021-03-15 15:18:27 - [TEST_STEP][PASSED] - callTestCase(findTestCase("Extra Home Category Test Case/UTILITIES/OPEN_BROWSER"), [:], STOP_ON_FAILURE): Call Test Case 'Test Cases/Extra Home Category Test Case/UTILITIES/OPEN_BROWSER' successfully

2021-03-15 15:18:27 - [TEST_CASE][PASSED] - Test Cases/Extra Home Category Test Case/UTILITIES/OPEN_BROWSER: Test Cases/Extra Home Category Test Case/UTILITIES/OPEN_BROWSER

2021-03-15 15:18:27 - [TEST_STEP][PASSED] - openBrowser("https://gdasandbox.test-arcadier.com/"): Browser is opened with url: 'https://gdasandbox.test-arcadier.com/'

2021-03-15 15:18:27 - [MESSAGE][INFO] - Starting 'Chrome' driver

2021-03-15 15:18:27 - [MESSAGE][INFO] - Action delay is set to 0 milliseconds

2021-03-15 15:18:40 - [MESSAGE][PASSED] - Browser is opened with url: 'https://gdasandbox.test-arcadier.com/'

2021-03-15 15:18:40 - [MESSAGE][PASSED] - Call Test Case 'Test Cases/Extra Home Category Test Case/UTILITIES/OPEN_BROWSER' successfully

2021-03-15 15:18:40 - [TEST_STEP][PASSED] - waitForElementVisible(findTestObject("Extra Menu Objects GDA/Page_diagnostics/div_MALARIA DIAGNOSTICS"), 0): Object 'Object Repository/Extra Menu Objects GDA/Page_diagnostics/div_MALARIA DIAGNOSTICS' is visible

2021-03-15 15:18:40 - [MESSAGE][WARNING] - Timeout '0' is invalid. Using default page load timeout: '30'

2021-03-15 15:18:42 - [MESSAGE][PASSED] - Object 'Object Repository/Extra Menu Objects GDA/Page_diagnostics/div_MALARIA DIAGNOSTICS' is visible

2021-03-15 15:18:42 - [TEST_STEP][PASSED] - waitForElementVisible(findTestObject("Extra Menu Objects GDA/Page_diagnostics/a_MALARIA DIAGNOSTICS"), 0): Object 'Object Repository/Extra Menu Objects GDA/Page_diagnostics/a_MALARIA DIAGNOSTICS' is visible

2021-03-15 15:18:42 - [MESSAGE][WARNING] - Timeout '0' is invalid. Using default page load timeout: '30'

2021-03-15 15:19:13 - [MESSAGE][INFO] - Unable to find the element located by 'By.xpath: //div[4]/div/div/div/div[2]/div[1]/div/div/div[1]/div[1]/div[5]/div[2]/a[count(. | //*[(text() = 'MALARIA DIAGNOSTICS' or . = 'MALARIA DIAGNOSTICS')]) = count(//*[(text() = 'MALARIA DIAGNOSTICS' or . = 'MALARIA DIAGNOSTICS')])]'. Please recheck the objects properties to make sure the desired element is located. 

2021-03-15 15:19:13 - [MESSAGE][WARNING] - [SELF-HEALING] Failed to find element with id 'Object Repository/Extra Menu Objects GDA/Page_diagnostics/a_MALARIA DIAGNOSTICS'. Try using Self-healing.

2021-03-15 15:19:13 - [MESSAGE][WARNING] - [SELF-HEALING] The current locator of test object 'Object Repository/Extra Menu Objects GDA/Page_diagnostics/a_MALARIA DIAGNOSTICS' was broken. Propose an alternative one: '(//a[contains(text(),'MALARIA DIAGNOSTICS')])[3]'.

2021-03-15 15:19:13 - [MESSAGE][PASSED] - Object 'Object Repository/Extra Menu Objects GDA/Page_diagnostics/a_MALARIA DIAGNOSTICS' is visible

2021-03-15 15:19:13 - [TEST_STEP][PASSED] - verifyElementText(findTestObject("Extra Menu Objects GDA/Page_diagnostics/a_MALARIA DIAGNOSTICS"), "MALARIA DIAGNOSTICS"): Actual text and expected text of test object 'Object Repository/Extra Menu Objects GDA/Page_diagnostics/a_MALARIA DIAGNOSTICS' are matched.

2021-03-15 15:19:44 - [MESSAGE][INFO] - Unable to find the element located by 'By.xpath: //div[4]/div/div/div/div[2]/div[1]/div/div/div[1]/div[1]/div[5]/div[2]/a[count(. | //*[(text() = 'MALARIA DIAGNOSTICS' or . = 'MALARIA DIAGNOSTICS')]) = count(//*[(text() = 'MALARIA DIAGNOSTICS' or . = 'MALARIA DIAGNOSTICS')])]'. Please recheck the objects properties to make sure the desired element is located. 

2021-03-15 15:19:44 - [MESSAGE][WARNING] - [SELF-HEALING] Failed to find element with id 'Object Repository/Extra Menu Objects GDA/Page_diagnostics/a_MALARIA DIAGNOSTICS'. Try using Self-healing.

2021-03-15 15:19:44 - [MESSAGE][WARNING] - [SELF-HEALING] The current locator of test object 'Object Repository/Extra Menu Objects GDA/Page_diagnostics/a_MALARIA DIAGNOSTICS' was broken. Propose an alternative one: '(//a[contains(text(),'MALARIA DIAGNOSTICS')])[3]'.

2021-03-15 15:19:44 - [MESSAGE][PASSED] - Actual text and expected text of test object 'Object Repository/Extra Menu Objects GDA/Page_diagnostics/a_MALARIA DIAGNOSTICS' are matched.

2021-03-15 15:19:44 - [TEST_STEP][PASSED] - verifyElementClickable(findTestObject("Extra Menu Objects GDA/Page_diagnostics/a_MALARIA DIAGNOSTICS")): Object 'Object Repository/Extra Menu Objects GDA/Page_diagnostics/a_MALARIA DIAGNOSTICS' is clickable

2021-03-15 15:20:16 - [MESSAGE][INFO] - Unable to find the element located by 'By.xpath: //div[4]/div/div/div/div[2]/div[1]/div/div/div[1]/div[1]/div[5]/div[2]/a[count(. | //*[(text() = 'MALARIA DIAGNOSTICS' or . = 'MALARIA DIAGNOSTICS')]) = count(//*[(text() = 'MALARIA DIAGNOSTICS' or . = 'MALARIA DIAGNOSTICS')])]'. Please recheck the objects properties to make sure the desired element is located. 

2021-03-15 15:20:16 - [MESSAGE][WARNING] - [SELF-HEALING] Failed to find element with id 'Object Repository/Extra Menu Objects GDA/Page_diagnostics/a_MALARIA DIAGNOSTICS'. Try using Self-healing.

2021-03-15 15:20:16 - [MESSAGE][WARNING] - [SELF-HEALING] The current locator of test object 'Object Repository/Extra Menu Objects GDA/Page_diagnostics/a_MALARIA DIAGNOSTICS' was broken. Propose an alternative one: '(//a[contains(text(),'MALARIA DIAGNOSTICS')])[3]'.

2021-03-15 15:20:16 - [MESSAGE][PASSED] - Object 'Object Repository/Extra Menu Objects GDA/Page_diagnostics/a_MALARIA DIAGNOSTICS' is clickable

2021-03-15 15:20:16 - [TEST_STEP][PASSED] - click(findTestObject("Extra Menu Objects GDA/Page_diagnostics/a_MALARIA DIAGNOSTICS")): Object: 'Object Repository/Extra Menu Objects GDA/Page_diagnostics/a_MALARIA DIAGNOSTICS' is clicked on

2021-03-15 15:20:47 - [MESSAGE][INFO] - Unable to find the element located by 'By.xpath: //div[4]/div/div/div/div[2]/div[1]/div/div/div[1]/div[1]/div[5]/div[2]/a[count(. | //*[(text() = 'MALARIA DIAGNOSTICS' or . = 'MALARIA DIAGNOSTICS')]) = count(//*[(text() = 'MALARIA DIAGNOSTICS' or . = 'MALARIA DIAGNOSTICS')])]'. Please recheck the objects properties to make sure the desired element is located. 

2021-03-15 15:20:47 - [MESSAGE][WARNING] - [SELF-HEALING] Failed to find element with id 'Object Repository/Extra Menu Objects GDA/Page_diagnostics/a_MALARIA DIAGNOSTICS'. Try using Self-healing.

2021-03-15 15:20:47 - [MESSAGE][WARNING] - [SELF-HEALING] The current locator of test object 'Object Repository/Extra Menu Objects GDA/Page_diagnostics/a_MALARIA DIAGNOSTICS' was broken. Propose an alternative one: '(//a[contains(text(),'MALARIA DIAGNOSTICS')])[3]'.

2021-03-15 15:20:56 - [MESSAGE][PASSED] - Object: 'Object Repository/Extra Menu Objects GDA/Page_diagnostics/a_MALARIA DIAGNOSTICS' is clicked on

2021-03-15 15:20:56 - [TEST_STEP][PASSED] - waitForElementVisible(findTestObject("Extra Menu Objects GDA/Page_diagnostics/a_MALARIA_DIAGNOSTICS_Search"), 0): Object 'Object Repository/Extra Menu Objects GDA/Page_diagnostics/a_MALARIA_DIAGNOSTICS_Search' is visible

2021-03-15 15:20:56 - [MESSAGE][WARNING] - Timeout '0' is invalid. Using default page load timeout: '30'

2021-03-15 15:20:57 - [MESSAGE][PASSED] - Object 'Object Repository/Extra Menu Objects GDA/Page_diagnostics/a_MALARIA_DIAGNOSTICS_Search' is visible

2021-03-15 15:20:57 - [TEST_STEP][PASSED] - callTestCase(findTestCase("Extra Home Category Test Case/UTILITIES/CLOSE_BROWSER"), [:], STOP_ON_FAILURE): Call Test Case 'Test Cases/Extra Home Category Test Case/UTILITIES/CLOSE_BROWSER' successfully

2021-03-15 15:20:57 - [TEST_CASE][PASSED] - Test Cases/Extra Home Category Test Case/UTILITIES/CLOSE_BROWSER: Test Cases/Extra Home Category Test Case/UTILITIES/CLOSE_BROWSER

2021-03-15 15:20:57 - [TEST_STEP][PASSED] - closeBrowser(STOP_ON_FAILURE): Browser is closed

2021-03-15 15:20:58 - [MESSAGE][PASSED] - Browser is closed

2021-03-15 15:20:58 - [MESSAGE][PASSED] - Call Test Case 'Test Cases/Extra Home Category Test Case/UTILITIES/CLOSE_BROWSER' successfully]]></system-out>
         <system-err><![CDATA[]]></system-err>
      </testcase>
      <system-out><![CDATA[2021-03-15 15:07:52 - [TEST_SUITE][PASSED] - Homepage category test: Test Cases/Extra Home Category Test Case/TEST CASE/GDA/TC_CAT_UI_007]]></system-out>
      <system-err><![CDATA[]]></system-err>
   </testsuite>
</testsuites>
